t=2014-06-05T12:35:07-0500 lvl=info msg="Rancher starting" args=[/home/user/code/go/src/github.com/mohae/rancher/rancher]
t=2014-06-05T12:35:13-0500 lvl=info msg="Rancher exiting" exitCode=1
t=2014-06-05T12:37:35-0500 lvl=info msg="Rancher starting" args=[/home/user/code/go/src/github.com/mohae/rancher/rancher]
t=2014-06-05T12:37:35-0500 lvl=info msg="Rancher exiting" exitCode=1
t=2014-06-05T12:37:47-0500 lvl=info msg="Rancher starting" args="[./rancher ]"
t=2014-06-05T12:53:15-0500 lvl=info msg="Rancher starting" args="[/home/user/code/go/src/github.com/mohae/rancher/rancher build -distro=ubuntu]"
t=2014-06-05T12:58:35-0500 lvl=info msg="Rancher starting" args="[/home/user/code/go/src/github.com/mohae/rancher/rancher build -distro=ubuntu]"
t=2014-06-05T13:03:01-0500 lvl=info msg="Rancher starting" args="[/home/user/code/go/src/github.com/mohae/rancher/rancher build -distro=ubuntu]"
t=2014-06-05T13:03:11-0500 lvl=warn msg="Unknown default key: release"
t=2014-06-05T13:03:11-0500 lvl=warn msg="Unknown default key: release"
t=2014-06-05T13:03:11-0500 lvl=info msg="Creating PackerTemplate from a RawTemplate."
t=2014-06-05T13:03:11-0500 lvl=info msg="Creating builder from RawTemplate: virtualbox-iso"
t=2014-06-05T13:03:11-0500 lvl=eror msg=error open :/boot.command: no such file or directory=nil LOG15_ERROR="Normalized odd number of arguments by adding nil"
t=2014-06-05T13:03:11-0500 lvl=eror msg=error open :/shutdown.command: no such file or directory=nil LOG15_ERROR="Normalized odd number of arguments by adding nil"
t=2014-06-05T13:03:11-0500 lvl=eror msg="open :/shutdown.command: no such file or directory"
t=2014-06-05T13:03:11-0500 lvl=crit msg="open :/shutdown.command: no such file or directory"
t=2014-06-05T13:03:11-0500 lvl=info msg="PackerTemplate created from a RawTemplate."
t=2014-06-05T13:03:11-0500 lvl=info msg="Rancher exiting" exitCode=0
t=2014-06-05T13:09:55-0500 lvl=info msg="Rancher starting" args="[/home/user/code/go/src/github.com/mohae/rancher/rancher build -distro=ubuntu]"
t=2014-06-05T13:09:59-0500 lvl=warn msg="Unknown default key: release"
t=2014-06-05T13:09:59-0500 lvl=warn msg="Unknown default key: release"
t=2014-06-05T13:12:42-0500 lvl=info msg="Rancher starting" args="[/home/user/code/go/src/github.com/mohae/rancher/rancher build -distro=ubuntu]"
t=2014-06-05T13:12:42-0500 lvl=warn msg="Unknown default key: release"
t=2014-06-05T13:12:42-0500 lvl=warn msg="Unknown default key: release"
t=2014-06-05T13:13:37-0500 lvl=info msg="Creating PackerTemplate from a RawTemplate."
t=2014-06-05T13:14:09-0500 lvl=info msg="Creating builder from RawTemplate: virtualbox-iso"
t=2014-06-05T13:14:09-0500 lvl=eror msg=error open :/boot.command: no such file or directory=nil LOG15_ERROR="Normalized odd number of arguments by adding nil"
t=2014-06-05T13:14:09-0500 lvl=eror msg=error open :/shutdown.command: no such file or directory=nil LOG15_ERROR="Normalized odd number of arguments by adding nil"
t=2014-06-05T13:14:09-0500 lvl=eror msg="open :/shutdown.command: no such file or directory"
t=2014-06-05T13:18:55-0500 lvl=info msg="Rancher starting" args="[/home/user/code/go/src/github.com/mohae/rancher/rancher build -distro=ubuntu]"
t=2014-06-05T13:18:55-0500 lvl=warn msg="Unknown default key: release"
t=2014-06-05T13:18:55-0500 lvl=warn msg="Unknown default key: release"
t=2014-06-05T13:19:00-0500 lvl=info msg="Creating PackerTemplate from a RawTemplate."
t=2014-06-05T13:19:02-0500 lvl=info msg="Creating builder from RawTemplate: virtualbox-iso"
t=2014-06-05T13:22:41-0500 lvl=info msg="Rancher starting" args="[/home/user/code/go/src/github.com/mohae/rancher/rancher build -distro=ubuntu]"
t=2014-06-05T13:22:41-0500 lvl=warn msg="Unknown default key: release"
t=2014-06-05T13:22:41-0500 lvl=warn msg="Unknown default key: release"
t=2014-06-05T13:22:51-0500 lvl=info msg="Creating PackerTemplate from a RawTemplate."
t=2014-06-05T13:23:07-0500 lvl=info msg="Creating builder from RawTemplate: virtualbox-iso"
t=2014-06-05T13:24:17-0500 lvl=eror msg=error open :/boot.command: no such file or directory=nil LOG15_ERROR="Normalized odd number of arguments by adding nil"
t=2014-06-05T13:31:39-0500 lvl=info msg="Rancher starting" args="[/home/user/code/go/src/github.com/mohae/rancher/rancher build -distro=ubuntu]"
t=2014-06-05T13:31:39-0500 lvl=warn msg="Unknown default key: release"
t=2014-06-05T13:31:39-0500 lvl=warn msg="Unknown default key: release"
t=2014-06-05T13:31:55-0500 lvl=info msg="Creating PackerTemplate from a RawTemplate."
t=2014-06-05T13:32:16-0500 lvl=info msg="Rancher starting" args="[/home/user/code/go/src/github.com/mohae/rancher/rancher build -distro=ubuntu]"
t=2014-06-05T13:32:16-0500 lvl=warn msg="Unknown default key: release"
t=2014-06-05T13:32:16-0500 lvl=warn msg="Unknown default key: release"
t=2014-06-05T13:32:25-0500 lvl=info msg="Creating PackerTemplate from a RawTemplate."
t=2014-06-05T13:32:29-0500 lvl=info msg="Creating builder from RawTemplate: virtualbox-iso"
t=2014-06-05T13:33:20-0500 lvl=info msg="Rancher starting" args="[/home/user/code/go/src/github.com/mohae/rancher/rancher build -distro=ubuntu]"
t=2014-06-05T13:33:20-0500 lvl=warn msg="Unknown default key: release"
t=2014-06-05T13:33:20-0500 lvl=warn msg="Unknown default key: release"
t=2014-06-05T13:33:25-0500 lvl=info msg="Creating PackerTemplate from a RawTemplate."
t=2014-06-05T13:33:52-0500 lvl=info msg="Creating builder from RawTemplate: virtualbox-iso"
t=2014-06-05T13:41:34-0500 lvl=eror msg=error open :/boot.command: no such file or directory=nil LOG15_ERROR="Normalized odd number of arguments by adding nil"
t=2014-06-05T13:41:37-0500 lvl=eror msg=error open :/shutdown.command: no such file or directory=nil LOG15_ERROR="Normalized odd number of arguments by adding nil"
t=2014-06-05T13:45:29-0500 lvl=info msg="Rancher starting" args="[/home/user/code/go/src/github.com/mohae/rancher/rancher build -distro=ubuntu]"
t=2014-06-05T13:45:29-0500 lvl=warn msg="Unknown default key: release"
t=2014-06-05T13:45:29-0500 lvl=warn msg="Unknown default key: release"
t=2014-06-05T13:45:41-0500 lvl=info msg="Creating PackerTemplate from a RawTemplate."
t=2014-06-05T13:45:45-0500 lvl=info msg="Creating builder from RawTemplate: virtualbox-iso"
t=2014-06-05T13:45:49-0500 lvl=eror msg=error open :/boot.command: no such file or directory=nil LOG15_ERROR="Normalized odd number of arguments by adding nil"
t=2014-06-05T13:45:53-0500 lvl=eror msg=error open :/shutdown.command: no such file or directory=nil LOG15_ERROR="Normalized odd number of arguments by adding nil"
t=2014-06-05T13:45:59-0500 lvl=eror msg="open :/shutdown.command: no such file or directory"
t=2014-06-05T13:48:06-0500 lvl=info msg="Rancher starting" args="[/home/user/code/go/src/github.com/mohae/rancher/rancher build -distro=ubuntu]"
t=2014-06-05T13:48:06-0500 lvl=warn msg="Unknown default key: release"
t=2014-06-05T13:48:06-0500 lvl=warn msg="Unknown default key: release"
t=2014-06-05T13:48:11-0500 lvl=info msg="Creating PackerTemplate from a RawTemplate."
t=2014-06-05T13:48:13-0500 lvl=info msg="Creating builder from RawTemplate: virtualbox-iso"
t=2014-06-05T13:48:24-0500 lvl=eror msg=error open :/boot.command: no such file or directory=nil LOG15_ERROR="Normalized odd number of arguments by adding nil"
t=2014-06-05T13:48:26-0500 lvl=eror msg=error open :/shutdown.command: no such file or directory=nil LOG15_ERROR="Normalized odd number of arguments by adding nil"
t=2014-06-05T13:48:35-0500 lvl=eror msg="open :/shutdown.command: no such file or directory"
t=2014-06-05T13:51:28-0500 lvl=info msg="Rancher starting" args="[/home/user/code/go/src/github.com/mohae/rancher/rancher build -distro=ubuntu]"
t=2014-06-05T13:51:28-0500 lvl=warn msg="Unknown default key: release"
t=2014-06-05T13:51:28-0500 lvl=warn msg="Unknown default key: release"
t=2014-06-05T13:51:38-0500 lvl=info msg="Creating PackerTemplate from a RawTemplate."
t=2014-06-05T13:51:47-0500 lvl=info msg="Creating builder from RawTemplate: virtualbox-iso"
t=2014-06-05T13:51:51-0500 lvl=eror msg=error open :/boot.command: no such file or directory=nil LOG15_ERROR="Normalized odd number of arguments by adding nil"
t=2014-06-05T13:52:04-0500 lvl=eror msg=error open :/shutdown.command: no such file or directory=nil LOG15_ERROR="Normalized odd number of arguments by adding nil"
t=2014-06-05T13:55:23-0500 lvl=info msg="Rancher starting" args="[/home/user/code/go/src/github.com/mohae/rancher/rancher build -distro=ubuntu]"
t=2014-06-05T13:55:23-0500 lvl=warn msg="Unknown default key: release"
t=2014-06-05T13:55:23-0500 lvl=warn msg="Unknown default key: release"
t=2014-06-05T13:55:30-0500 lvl=info msg="Creating PackerTemplate from a RawTemplate."
t=2014-06-05T13:55:33-0500 lvl=info msg="Creating builder from RawTemplate: virtualbox-iso"
t=2014-06-05T13:55:42-0500 lvl=eror msg=error open :/boot.command: no such file or directory=nil LOG15_ERROR="Normalized odd number of arguments by adding nil"
t=2014-06-05T13:56:46-0500 lvl=eror msg=error open :/shutdown.command: no such file or directory=nil LOG15_ERROR="Normalized odd number of arguments by adding nil"
t=2014-06-05T13:57:37-0500 lvl=eror msg="open :/shutdown.command: no such file or directory"
t=2014-06-05T13:58:19-0500 lvl=crit msg="open :/shutdown.command: no such file or directory"
t=2014-06-05T13:58:19-0500 lvl=info msg="PackerTemplate created from a RawTemplate."
t=2014-06-05T13:58:19-0500 lvl=info msg="Rancher exiting" exitCode=0
t=2014-06-05T14:02:31-0500 lvl=info msg="Rancher starting" args="[/home/user/code/go/src/github.com/mohae/rancher/rancher build -distro=ubuntu]"
t=2014-06-05T14:02:31-0500 lvl=warn msg="Unknown default key: release"
t=2014-06-05T14:02:31-0500 lvl=warn msg="Unknown default key: release"
t=2014-06-05T14:02:42-0500 lvl=info msg="Creating PackerTemplate from a RawTemplate."
t=2014-06-05T14:02:47-0500 lvl=info msg="Creating builder from RawTemplate: virtualbox-iso"
t=2014-06-05T14:02:57-0500 lvl=eror msg=error open :/boot.command: no such file or directory=nil LOG15_ERROR="Normalized odd number of arguments by adding nil"
t=2014-06-05T14:03:06-0500 lvl=eror msg=error open :/shutdown.command: no such file or directory=nil LOG15_ERROR="Normalized odd number of arguments by adding nil"
t=2014-06-05T14:03:11-0500 lvl=eror msg="open :/shutdown.command: no such file or directory"
t=2014-06-05T14:03:16-0500 lvl=crit msg="open :/shutdown.command: no such file or directory"
t=2014-06-05T14:03:16-0500 lvl=info msg="PackerTemplate created from a RawTemplate."
t=2014-06-05T14:03:16-0500 lvl=info msg="Rancher exiting" exitCode=0
t=2014-06-05T14:07:03-0500 lvl=info msg="Rancher starting" args="[/home/user/code/go/src/github.com/mohae/rancher/rancher build -distro=ubuntu]"
t=2014-06-05T14:07:03-0500 lvl=warn msg="Unknown default key: release"
t=2014-06-05T14:07:03-0500 lvl=warn msg="Unknown default key: release"
t=2014-06-05T14:07:10-0500 lvl=info msg="Creating PackerTemplate from a RawTemplate."
t=2014-06-05T14:07:14-0500 lvl=info msg="Creating builder from RawTemplate: virtualbox-iso"
t=2014-06-05T14:07:14-0500 lvl=eror msg=error open :/boot.command: no such file or directory=nil LOG15_ERROR="Normalized odd number of arguments by adding nil"
t=2014-06-05T14:07:14-0500 lvl=eror msg=error open :/shutdown.command: no such file or directory=nil LOG15_ERROR="Normalized odd number of arguments by adding nil"
t=2014-06-05T14:07:14-0500 lvl=eror msg="open :/shutdown.command: no such file or directory"
t=2014-06-05T14:07:25-0500 lvl=crit msg="open :/shutdown.command: no such file or directory"
t=2014-06-05T14:08:41-0500 lvl=info msg="Rancher starting" args="[/home/user/code/go/src/github.com/mohae/rancher/rancher build -distro=ubuntu]"
t=2014-06-05T14:08:41-0500 lvl=warn msg="Unknown default key: release"
t=2014-06-05T14:08:41-0500 lvl=warn msg="Unknown default key: release"
t=2014-06-05T14:08:43-0500 lvl=info msg="Creating PackerTemplate from a RawTemplate."
t=2014-06-05T14:08:47-0500 lvl=info msg="Creating builder from RawTemplate: virtualbox-iso"
t=2014-06-05T14:08:47-0500 lvl=eror msg=error open :/boot.command: no such file or directory=nil LOG15_ERROR="Normalized odd number of arguments by adding nil"
t=2014-06-05T14:08:47-0500 lvl=eror msg=error open :/shutdown.command: no such file or directory=nil LOG15_ERROR="Normalized odd number of arguments by adding nil"
t=2014-06-05T14:08:47-0500 lvl=eror msg="open :/shutdown.command: no such file or directory"
t=2014-06-05T14:09:22-0500 lvl=info msg="Rancher starting" args="[/home/user/code/go/src/github.com/mohae/rancher/rancher build -distro=ubuntu]"
t=2014-06-05T14:09:22-0500 lvl=warn msg="Unknown default key: release"
t=2014-06-05T14:09:22-0500 lvl=warn msg="Unknown default key: release"
t=2014-06-05T14:09:25-0500 lvl=info msg="Creating PackerTemplate from a RawTemplate."
t=2014-06-05T14:09:31-0500 lvl=info msg="Creating builder from RawTemplate: virtualbox-iso"
t=2014-06-05T14:09:31-0500 lvl=eror msg=error open :/boot.command: no such file or directory=nil LOG15_ERROR="Normalized odd number of arguments by adding nil"
t=2014-06-05T14:09:31-0500 lvl=eror msg=error open :/shutdown.command: no such file or directory=nil LOG15_ERROR="Normalized odd number of arguments by adding nil"
t=2014-06-05T14:09:31-0500 lvl=eror msg="open :/shutdown.command: no such file or directory"
t=2014-06-05T14:09:34-0500 lvl=crit msg="open :/shutdown.command: no such file or directory"
t=2014-06-05T14:09:34-0500 lvl=info msg="PackerTemplate created from a RawTemplate."
t=2014-06-05T14:09:34-0500 lvl=info msg="Rancher exiting" exitCode=0
t=2014-06-05T14:26:52-0500 lvl=info msg="Rancher starting" args="[/home/user/code/go/src/github.com/mohae/rancher/rancher build -distro=ubuntu]"
t=2014-06-05T14:26:52-0500 lvl=warn msg="Unknown default key: release"
t=2014-06-05T14:26:52-0500 lvl=warn msg="Unknown default key: release"
t=2014-06-05T14:26:54-0500 lvl=info msg="Creating PackerTemplate from a RawTemplate."
t=2014-06-05T14:26:56-0500 lvl=info msg="Creating builder from RawTemplate: virtualbox-iso"
t=2014-06-05T14:26:56-0500 lvl=eror msg=error open :/boot.command: no such file or directory=nil LOG15_ERROR="Normalized odd number of arguments by adding nil"
t=2014-06-05T14:26:56-0500 lvl=eror msg=error open :/shutdown.command: no such file or directory=nil LOG15_ERROR="Normalized odd number of arguments by adding nil"
t=2014-06-05T14:26:56-0500 lvl=eror msg="open :/shutdown.command: no such file or directory"
t=2014-06-05T14:28:54-0500 lvl=info msg="Rancher starting" args="[/home/user/code/go/src/github.com/mohae/rancher/rancher build -distro=ubuntu]"
t=2014-06-05T14:28:54-0500 lvl=warn msg="Unknown default key: release"
t=2014-06-05T14:28:54-0500 lvl=warn msg="Unknown default key: release"
t=2014-06-05T14:28:57-0500 lvl=info msg="Creating PackerTemplate from a RawTemplate."
t=2014-06-05T14:29:03-0500 lvl=info msg="Creating builder from RawTemplate: virtualbox-iso"
t=2014-06-05T14:29:03-0500 lvl=eror msg=error open :/boot.command: no such file or directory=nil LOG15_ERROR="Normalized odd number of arguments by adding nil"
t=2014-06-05T14:29:03-0500 lvl=eror msg=error open :/shutdown.command: no such file or directory=nil LOG15_ERROR="Normalized odd number of arguments by adding nil"
t=2014-06-05T14:29:03-0500 lvl=eror msg="open :/shutdown.command: no such file or directory"
t=2014-06-05T14:29:24-0500 lvl=crit msg="open :/shutdown.command: no such file or directory"
t=2014-06-05T14:30:13-0500 lvl=info msg="Rancher starting" args="[/home/user/code/go/src/github.com/mohae/rancher/rancher build -distro=ubuntu]"
t=2014-06-05T14:30:13-0500 lvl=warn msg="Unknown default key: release"
t=2014-06-05T14:30:13-0500 lvl=warn msg="Unknown default key: release"
t=2014-06-05T14:31:20-0500 lvl=info msg="Rancher starting" args="[/home/user/code/go/src/github.com/mohae/rancher/rancher build -distro=ubuntu]"
t=2014-06-05T14:31:20-0500 lvl=warn msg="Unknown default key: release"
t=2014-06-05T14:31:20-0500 lvl=warn msg="Unknown default key: release"
t=2014-06-05T14:31:22-0500 lvl=info msg="Creating PackerTemplate from a RawTemplate."
t=2014-06-05T14:32:04-0500 lvl=info msg="Creating builder from RawTemplate: virtualbox-iso"
t=2014-06-05T14:32:04-0500 lvl=eror msg=error open :/boot.command: no such file or directory=nil LOG15_ERROR="Normalized odd number of arguments by adding nil"
t=2014-06-05T14:32:04-0500 lvl=eror msg=error open :/shutdown.command: no such file or directory=nil LOG15_ERROR="Normalized odd number of arguments by adding nil"
t=2014-06-05T14:32:04-0500 lvl=eror msg="open :/shutdown.command: no such file or directory"
t=2014-06-05T14:35:09-0500 lvl=info msg="Rancher starting" args="[/home/user/code/go/src/github.com/mohae/rancher/rancher build -distro=ubuntu]"
t=2014-06-05T14:35:09-0500 lvl=warn msg="Unknown default key: release"
t=2014-06-05T14:35:09-0500 lvl=warn msg="Unknown default key: release"
t=2014-06-05T14:35:09-0500 lvl=info msg="Creating PackerTemplate from a RawTemplate."
t=2014-06-05T14:35:19-0500 lvl=info msg="Creating builder from RawTemplate: virtualbox-iso"
t=2014-06-05T14:35:19-0500 lvl=eror msg=error open :/boot.command: no such file or directory=nil LOG15_ERROR="Normalized odd number of arguments by adding nil"
t=2014-06-05T14:35:19-0500 lvl=eror msg=error open :/shutdown.command: no such file or directory=nil LOG15_ERROR="Normalized odd number of arguments by adding nil"
t=2014-06-05T14:35:19-0500 lvl=eror msg="open :/shutdown.command: no such file or directory"
t=2014-06-05T14:35:23-0500 lvl=crit msg="open :/shutdown.command: no such file or directory"
t=2014-06-05T14:35:23-0500 lvl=info msg="PackerTemplate created from a RawTemplate."
t=2014-06-05T14:35:23-0500 lvl=info msg="Rancher exiting" exitCode=0
t=2014-06-05T14:38:01-0500 lvl=info msg="Rancher starting" args="[/home/user/code/go/src/github.com/mohae/rancher/rancher build -distro=ubuntu]"
t=2014-06-05T14:38:01-0500 lvl=warn msg="Unknown default key: release"
t=2014-06-05T14:38:01-0500 lvl=warn msg="Unknown default key: release"
t=2014-06-05T14:38:01-0500 lvl=info msg="Creating PackerTemplate from a RawTemplate."
t=2014-06-05T14:38:07-0500 lvl=info msg="Creating builder from RawTemplate: virtualbox-iso"
t=2014-06-05T14:38:07-0500 lvl=eror msg=error open :/boot.command: no such file or directory=nil LOG15_ERROR="Normalized odd number of arguments by adding nil"
t=2014-06-05T14:38:07-0500 lvl=eror msg=error open :/shutdown.command: no such file or directory=nil LOG15_ERROR="Normalized odd number of arguments by adding nil"
t=2014-06-05T14:38:07-0500 lvl=eror msg="open :/shutdown.command: no such file or directory"
t=2014-06-05T14:38:11-0500 lvl=crit msg="open :/shutdown.command: no such file or directory"
t=2014-06-05T14:38:11-0500 lvl=info msg="PackerTemplate created from a RawTemplate."
t=2014-06-05T14:38:11-0500 lvl=info msg="Rancher exiting" exitCode=0
t=2014-06-05T14:40:48-0500 lvl=info msg="Rancher starting" args="[/home/user/code/go/src/github.com/mohae/rancher/rancher build -distro=ubuntu]"
t=2014-06-05T14:40:48-0500 lvl=warn msg="Unknown default key: release"
t=2014-06-05T14:40:48-0500 lvl=warn msg="Unknown default key: release"
t=2014-06-05T14:40:48-0500 lvl=info msg="Creating PackerTemplate from a RawTemplate."
t=2014-06-05T14:40:50-0500 lvl=info msg="Creating builder from RawTemplate: virtualbox-iso"
t=2014-06-05T14:40:50-0500 lvl=eror msg=error open :/boot.command: no such file or directory=nil LOG15_ERROR="Normalized odd number of arguments by adding nil"
t=2014-06-05T14:40:50-0500 lvl=eror msg=error open :/shutdown.command: no such file or directory=nil LOG15_ERROR="Normalized odd number of arguments by adding nil"
t=2014-06-05T14:40:50-0500 lvl=eror msg="open :/shutdown.command: no such file or directory"
t=2014-06-05T14:40:52-0500 lvl=crit msg="open :/shutdown.command: no such file or directory"
t=2014-06-05T14:40:52-0500 lvl=info msg="PackerTemplate created from a RawTemplate."
t=2014-06-05T14:40:52-0500 lvl=info msg="Rancher exiting" exitCode=0
t=2014-06-05T14:47:31-0500 lvl=info msg="Rancher starting" args="[/home/user/code/go/src/github.com/mohae/rancher/rancher build -distro=ubuntu]"
t=2014-06-05T14:47:31-0500 lvl=warn msg="Unknown default key: release"
t=2014-06-05T14:47:31-0500 lvl=warn msg="Unknown default key: release"
t=2014-06-05T14:47:31-0500 lvl=info msg="Creating PackerTemplate from a RawTemplate."
t=2014-06-05T14:47:39-0500 lvl=info msg="Creating builder from RawTemplate: virtualbox-iso"
t=2014-06-05T14:47:39-0500 lvl=eror msg=error open :/boot.command: no such file or directory=nil LOG15_ERROR="Normalized odd number of arguments by adding nil"
t=2014-06-05T14:47:39-0500 lvl=eror msg=error open :/shutdown.command: no such file or directory=nil LOG15_ERROR="Normalized odd number of arguments by adding nil"
t=2014-06-05T14:47:39-0500 lvl=eror msg="open :/shutdown.command: no such file or directory"
t=2014-06-05T14:49:50-0500 lvl=info msg="Rancher starting" args="[/home/user/code/go/src/github.com/mohae/rancher/rancher build -distro=ubuntu]"
t=2014-06-05T14:49:50-0500 lvl=warn msg="Unknown default key: release"
t=2014-06-05T14:49:50-0500 lvl=warn msg="Unknown default key: release"
t=2014-06-05T14:49:50-0500 lvl=info msg="Creating PackerTemplate from a RawTemplate."
t=2014-06-05T14:49:54-0500 lvl=info msg="Creating builder from RawTemplate: virtualbox-iso"
t=2014-06-05T14:49:54-0500 lvl=eror msg=error open :/boot.command: no such file or directory=nil LOG15_ERROR="Normalized odd number of arguments by adding nil"
t=2014-06-05T14:49:54-0500 lvl=eror msg=error open :/shutdown.command: no such file or directory=nil LOG15_ERROR="Normalized odd number of arguments by adding nil"
t=2014-06-05T14:49:54-0500 lvl=eror msg="open :/shutdown.command: no such file or directory"
t=2014-06-05T14:52:08-0500 lvl=info msg="Rancher starting" args="[/home/user/code/go/src/github.com/mohae/rancher/rancher build -distro=ubuntu]"
t=2014-06-05T14:52:08-0500 lvl=warn msg="Unknown default key: release"
t=2014-06-05T14:52:08-0500 lvl=warn msg="Unknown default key: release"
t=2014-06-05T14:52:08-0500 lvl=info msg="Creating PackerTemplate from a RawTemplate."
t=2014-06-05T14:52:11-0500 lvl=info msg="Creating builder from RawTemplate: virtualbox-iso"
t=2014-06-05T14:55:14-0500 lvl=info msg="Rancher starting" args="[/home/user/code/go/src/github.com/mohae/rancher/rancher build -distro=ubuntu]"
t=2014-06-05T14:55:14-0500 lvl=warn msg="Unknown default key: release"
t=2014-06-05T14:55:14-0500 lvl=warn msg="Unknown default key: release"
t=2014-06-05T14:55:14-0500 lvl=info msg="Creating PackerTemplate from a RawTemplate."
t=2014-06-05T14:55:17-0500 lvl=info msg="Creating builder from RawTemplate: virtualbox-iso"
t=2014-06-05T14:55:20-0500 lvl=eror msg=error open :/boot.command: no such file or directory=nil LOG15_ERROR="Normalized odd number of arguments by adding nil"
t=2014-06-05T14:55:20-0500 lvl=eror msg=error open :/shutdown.command: no such file or directory=nil LOG15_ERROR="Normalized odd number of arguments by adding nil"
t=2014-06-05T14:55:20-0500 lvl=eror msg="open :/shutdown.command: no such file or directory"
t=2014-06-05T15:13:27-0500 lvl=info msg="Rancher starting" args="[/home/user/code/go/src/github.com/mohae/rancher/rancher build -distro=ubuntu]"
t=2014-06-05T15:13:27-0500 lvl=warn msg="Unknown default key: release"
t=2014-06-05T15:13:27-0500 lvl=warn msg="Unknown default key: release"
t=2014-06-05T15:13:27-0500 lvl=info msg="Creating PackerTemplate from a RawTemplate."
t=2014-06-05T15:13:40-0500 lvl=info msg="Creating builder from RawTemplate: virtualbox-iso"
t=2014-06-05T15:13:40-0500 lvl=eror msg=error open :/boot.command: no such file or directory=nil LOG15_ERROR="Normalized odd number of arguments by adding nil"
t=2014-06-05T15:13:40-0500 lvl=eror msg=error open :/shutdown.command: no such file or directory=nil LOG15_ERROR="Normalized odd number of arguments by adding nil"
t=2014-06-05T15:13:40-0500 lvl=eror msg="open :/shutdown.command: no such file or directory"
t=2014-06-05T15:13:40-0500 lvl=crit msg="open :/shutdown.command: no such file or directory"
t=2014-06-05T15:13:40-0500 lvl=info msg="PackerTemplate created from a RawTemplate."
t=2014-06-05T15:13:40-0500 lvl=info msg="Rancher exiting" exitCode=0
t=2014-06-05T15:17:16-0500 lvl=info msg="Rancher starting" args="[/home/user/code/go/src/github.com/mohae/rancher/rancher build -distro=ubuntu]"
t=2014-06-05T15:17:16-0500 lvl=warn msg="Unknown default key: release"
t=2014-06-05T15:17:16-0500 lvl=warn msg="Unknown default key: release"
t=2014-06-05T15:17:16-0500 lvl=info msg="Creating PackerTemplate from a RawTemplate."
t=2014-06-05T15:17:18-0500 lvl=info msg="Creating builder from RawTemplate: virtualbox-iso"
t=2014-06-05T15:17:18-0500 lvl=eror msg=error open :/boot.command: no such file or directory=nil LOG15_ERROR="Normalized odd number of arguments by adding nil"
t=2014-06-05T15:17:18-0500 lvl=eror msg=error open :/shutdown.command: no such file or directory=nil LOG15_ERROR="Normalized odd number of arguments by adding nil"
t=2014-06-05T15:17:18-0500 lvl=eror msg="open :/shutdown.command: no such file or directory"
t=2014-06-05T15:17:18-0500 lvl=crit msg="open :/shutdown.command: no such file or directory"
t=2014-06-05T15:17:18-0500 lvl=info msg="PackerTemplate created from a RawTemplate."
t=2014-06-05T15:17:18-0500 lvl=info msg="Rancher exiting" exitCode=0
t=2014-06-05T15:18:20-0500 lvl=info msg="Rancher starting" args="[/home/user/code/go/src/github.com/mohae/rancher/rancher build -distro=ubuntu]"
t=2014-06-05T15:18:20-0500 lvl=warn msg="Unknown default key: release"
t=2014-06-05T15:18:20-0500 lvl=warn msg="Unknown default key: release"
t=2014-06-05T15:18:20-0500 lvl=info msg="Creating PackerTemplate from a RawTemplate."
t=2014-06-05T15:18:22-0500 lvl=info msg="Creating builder from RawTemplate: virtualbox-iso"
t=2014-06-05T15:18:22-0500 lvl=eror msg=error open :/boot.command: no such file or directory=nil LOG15_ERROR="Normalized odd number of arguments by adding nil"
t=2014-06-05T15:18:22-0500 lvl=eror msg=error open :/shutdown.command: no such file or directory=nil LOG15_ERROR="Normalized odd number of arguments by adding nil"
t=2014-06-05T15:18:22-0500 lvl=eror msg="open :/shutdown.command: no such file or directory"
t=2014-06-05T15:18:22-0500 lvl=crit msg="open :/shutdown.command: no such file or directory"
t=2014-06-05T15:18:22-0500 lvl=info msg="PackerTemplate created from a RawTemplate."
t=2014-06-05T15:18:22-0500 lvl=info msg="Rancher exiting" exitCode=0
t=2014-06-05T15:21:19-0500 lvl=info msg="Rancher starting" args="[/home/user/code/go/src/github.com/mohae/rancher/rancher build -distro=ubuntu]"
t=2014-06-05T15:21:19-0500 lvl=warn msg="Unknown default key: release"
t=2014-06-05T15:21:19-0500 lvl=warn msg="Unknown default key: release"
t=2014-06-05T15:21:19-0500 lvl=info msg="Creating PackerTemplate from a RawTemplate."
t=2014-06-05T15:21:21-0500 lvl=info msg="Creating builder from RawTemplate: virtualbox-iso"
t=2014-06-05T15:21:21-0500 lvl=eror msg=error open :/boot.command: no such file or directory=nil LOG15_ERROR="Normalized odd number of arguments by adding nil"
t=2014-06-05T15:21:21-0500 lvl=eror msg=error open :/shutdown.command: no such file or directory=nil LOG15_ERROR="Normalized odd number of arguments by adding nil"
t=2014-06-05T15:21:21-0500 lvl=eror msg="open :/shutdown.command: no such file or directory"
t=2014-06-05T15:21:21-0500 lvl=crit msg="open :/shutdown.command: no such file or directory"
t=2014-06-05T15:21:21-0500 lvl=info msg="PackerTemplate created from a RawTemplate."
t=2014-06-05T15:21:21-0500 lvl=info msg="Rancher exiting" exitCode=0
t=2014-06-05T15:41:15-0500 lvl=info msg="Rancher starting" args="[/home/user/code/go/src/github.com/mohae/rancher/rancher build -distro=ubuntu]"
t=2014-06-05T15:41:15-0500 lvl=warn msg="Unknown default key: release"
t=2014-06-05T15:41:15-0500 lvl=warn msg="Unknown default key: release"
t=2014-06-05T15:41:15-0500 lvl=info msg="Creating PackerTemplate from a RawTemplate."
t=2014-06-05T15:41:15-0500 lvl=info msg="Creating builder from RawTemplate: virtualbox-iso"
t=2014-06-05T15:41:15-0500 lvl=eror msg=error open :/boot.command: no such file or directory=nil LOG15_ERROR="Normalized odd number of arguments by adding nil"
t=2014-06-05T15:41:15-0500 lvl=eror msg=error open :/shutdown.command: no such file or directory=nil LOG15_ERROR="Normalized odd number of arguments by adding nil"
t=2014-06-05T15:41:15-0500 lvl=eror msg="open :/shutdown.command: no such file or directory"
t=2014-06-05T15:41:15-0500 lvl=crit msg="open :/shutdown.command: no such file or directory"
t=2014-06-05T15:41:15-0500 lvl=info msg="PackerTemplate created from a RawTemplate."
t=2014-06-05T15:41:15-0500 lvl=info msg="Rancher exiting" exitCode=0
t=2014-06-05T16:03:32-0500 lvl=info msg="Rancher starting" args="[./rancher build -distro=ubuntu]"
t=2014-06-05T16:03:32-0500 lvl=warn msg="Unknown default key: release"
t=2014-06-05T16:03:32-0500 lvl=warn msg="Unknown default key: release"
t=2014-06-05T16:03:32-0500 lvl=info msg="Creating PackerTemplate from a RawTemplate."
t=2014-06-05T16:03:32-0500 lvl=info msg="Creating builder from RawTemplate: virtualbox-iso"
t=2014-06-05T16:03:32-0500 lvl=info msg="Creating builder from RawTemplate: vmware-iso"
t=2014-06-05T16:03:32-0500 lvl=info msg="PackerTemplate created from a RawTemplate."
t=2014-06-05T16:03:32-0500 lvl=info msg="Rancher Build complete."
t=2014-06-05T16:03:32-0500 lvl=info msg="Rancher exiting" exitCode=0
t=2014-06-05T16:33:11-0500 lvl=info msg="Rancher starting" args="[/home/user/code/go/src/github.com/mohae/rancher/rancher build -distro=ubuntu]"
t=2014-06-05T16:33:11-0500 lvl=warn msg="Unknown default key: release"
t=2014-06-05T16:33:11-0500 lvl=warn msg="Unknown default key: release"
t=2014-06-05T16:33:11-0500 lvl=info msg="Creating PackerTemplate from a RawTemplate."
t=2014-06-05T16:33:11-0500 lvl=info msg="Creating builder from RawTemplate: virtualbox-iso"
t=2014-06-05T16:33:11-0500 lvl=info msg="Creating builder from RawTemplate: vmware-iso"
t=2014-06-05T16:33:11-0500 lvl=info msg="PackerTemplate created from a RawTemplate."
t=2014-06-05T16:33:11-0500 lvl=info msg="Rancher Build complete."
t=2014-06-05T16:33:11-0500 lvl=info msg="Rancher exiting" exitCode=0
t=2014-06-05T16:37:23-0500 lvl=info msg="Rancher starting" args="[/home/user/code/go/src/github.com/mohae/rancher/rancher build -distro=ubuntu]"
t=2014-06-05T16:37:23-0500 lvl=warn msg="Unknown default key: release"
t=2014-06-05T16:37:23-0500 lvl=warn msg="Unknown default key: release"
t=2014-06-05T16:37:23-0500 lvl=info msg="Creating PackerTemplate from a RawTemplate."
t=2014-06-05T16:37:23-0500 lvl=info msg="Creating builder from RawTemplate: virtualbox-iso"
t=2014-06-05T16:37:23-0500 lvl=info msg="Creating builder from RawTemplate: vmware-iso"
t=2014-06-05T16:37:23-0500 lvl=info msg="PackerTemplate created from a RawTemplate."
t=2014-06-05T16:37:23-0500 lvl=info msg="Rancher Build complete."
t=2014-06-05T16:37:23-0500 lvl=info msg="Rancher exiting" exitCode=0
t=2014-06-05T16:37:46-0500 lvl=info msg="Rancher starting" args="[/home/user/code/go/src/github.com/mohae/rancher/rancher build -distro=ubuntu]"
t=2014-06-05T16:37:46-0500 lvl=warn msg="Unknown default key: release"
t=2014-06-05T16:37:46-0500 lvl=warn msg="Unknown default key: release"
t=2014-06-05T16:37:46-0500 lvl=info msg="Creating PackerTemplate from a RawTemplate."
t=2014-06-05T16:37:46-0500 lvl=info msg="Creating builder from RawTemplate: virtualbox-iso"
t=2014-06-05T16:37:46-0500 lvl=info msg="Creating builder from RawTemplate: vmware-iso"
t=2014-06-05T16:37:46-0500 lvl=info msg="PackerTemplate created from a RawTemplate."
t=2014-06-05T16:37:46-0500 lvl=info msg="Rancher Build complete."
t=2014-06-05T16:37:46-0500 lvl=info msg="Rancher exiting" exitCode=0
t=2014-06-05T16:46:02-0500 lvl=info msg="Rancher starting" args="[/home/user/code/go/src/github.com/mohae/rancher/rancher build -distro=ubuntu]"
t=2014-06-05T16:46:02-0500 lvl=warn msg="Unknown default key: release"
t=2014-06-05T16:46:02-0500 lvl=warn msg="Unknown default key: release"
t=2014-06-05T16:46:02-0500 lvl=info msg="Creating PackerTemplate from a RawTemplate."
t=2014-06-05T16:46:02-0500 lvl=info msg="Creating builder from RawTemplate: virtualbox-iso"
t=2014-06-05T16:46:02-0500 lvl=info msg="Creating builder from RawTemplate: vmware-iso"
t=2014-06-05T16:46:02-0500 lvl=info msg="PackerTemplate created from a RawTemplate."
t=2014-06-05T16:46:02-0500 lvl=info msg="Rancher Build complete."
t=2014-06-05T16:46:02-0500 lvl=info msg="Rancher exiting" exitCode=0
t=2014-06-05T16:47:30-0500 lvl=info msg="Rancher starting" args="[./rancher build -distro=ubuntu]"
t=2014-06-05T16:47:30-0500 lvl=warn msg="Unknown default key: release"
t=2014-06-05T16:47:30-0500 lvl=warn msg="Unknown default key: release"
t=2014-06-05T16:47:30-0500 lvl=info msg="Creating PackerTemplate from a RawTemplate."
t=2014-06-05T16:47:30-0500 lvl=info msg="Creating builder from RawTemplate: virtualbox-iso"
t=2014-06-05T16:47:30-0500 lvl=info msg="Creating builder from RawTemplate: vmware-iso"
t=2014-06-05T16:47:30-0500 lvl=info msg="PackerTemplate created from a RawTemplate."
t=2014-06-05T16:47:30-0500 lvl=info msg="Rancher Build complete."
t=2014-06-05T16:47:30-0500 lvl=info msg="Rancher exiting" exitCode=0
t=2014-06-05T16:52:48-0500 lvl=info msg="Rancher starting" args="[./rancher build -distro=ubuntu]"
t=2014-06-05T16:52:48-0500 lvl=warn msg="Unknown default key: release"
t=2014-06-05T16:52:48-0500 lvl=warn msg="Unknown default key: release"
t=2014-06-05T16:52:48-0500 lvl=info msg="Creating PackerTemplate from a RawTemplate."
t=2014-06-05T16:52:48-0500 lvl=info msg="Creating builder from RawTemplate: virtualbox-iso"
t=2014-06-05T16:52:48-0500 lvl=info msg="Creating builder from RawTemplate: vmware-iso"
t=2014-06-05T16:52:48-0500 lvl=info msg="PackerTemplate created from a RawTemplate."
t=2014-06-05T16:52:48-0500 lvl=info msg="Rancher Build complete."
t=2014-06-05T16:52:48-0500 lvl=info msg="Rancher exiting" exitCode=0
t=2014-06-05T17:06:07-0500 lvl=info msg="Rancher starting" args="[./rancher build -distro=ubuntu]"
t=2014-06-05T17:06:07-0500 lvl=warn msg="Unknown default key: release"
t=2014-06-05T17:06:07-0500 lvl=warn msg="Unknown default key: release"
t=2014-06-05T17:06:07-0500 lvl=info msg="Creating PackerTemplate from a RawTemplate."
t=2014-06-05T17:06:07-0500 lvl=info msg="Creating builder from RawTemplate: virtualbox-iso"
t=2014-06-05T17:06:07-0500 lvl=info msg="Creating builder from RawTemplate: vmware-iso"
t=2014-06-05T17:06:07-0500 lvl=info msg="PackerTemplate created from a RawTemplate."
t=2014-06-05T17:06:07-0500 lvl=info msg="Rancher Build complete."
t=2014-06-05T17:06:07-0500 lvl=info msg="Rancher exiting" exitCode=0
t=2014-06-05T17:09:44-0500 lvl=info msg="Rancher starting" args="[./rancher build -distro=ubuntu]"
t=2014-06-05T17:09:44-0500 lvl=warn msg="Unknown default key: release"
t=2014-06-05T17:09:44-0500 lvl=warn msg="Unknown default key: release"
t=2014-06-05T17:09:44-0500 lvl=info msg="Creating PackerTemplate from a RawTemplate."
t=2014-06-05T17:09:44-0500 lvl=info msg="Creating builder from RawTemplate: virtualbox-iso"
t=2014-06-05T17:09:44-0500 lvl=info msg="Creating builder from RawTemplate: vmware-iso"
t=2014-06-05T17:09:44-0500 lvl=info msg="PackerTemplate created from a RawTemplate."
t=2014-06-05T17:09:44-0500 lvl=info msg="Rancher Build complete."
t=2014-06-05T17:09:44-0500 lvl=info msg="Rancher exiting" exitCode=0
t=2014-06-05T17:21:09-0500 lvl=info msg="Rancher starting" args="[./rancher build -distro=ubuntu]"
t=2014-06-05T17:21:09-0500 lvl=warn msg="Unknown default key: release"
t=2014-06-05T17:21:09-0500 lvl=warn msg="Unknown default key: release"
t=2014-06-05T17:21:09-0500 lvl=info msg="Creating PackerTemplate from a RawTemplate."
t=2014-06-05T17:21:09-0500 lvl=info msg="Creating builder from RawTemplate: virtualbox-iso"
t=2014-06-05T17:21:09-0500 lvl=eror msg="Unable to find ISO information while looking for the release string on the Ubuntu checksums page."
t=2014-06-05T17:21:09-0500 lvl=info msg="Creating builder from RawTemplate: vmware-iso"
t=2014-06-05T17:21:09-0500 lvl=eror msg="Unable to find ISO information while looking for the release string on the Ubuntu checksums page."
t=2014-06-05T17:21:09-0500 lvl=info msg="PackerTemplate created from a RawTemplate."
t=2014-06-05T17:21:09-0500 lvl=info msg="Rancher Build complete."
t=2014-06-05T17:21:09-0500 lvl=info msg="Rancher exiting" exitCode=0
t=2014-06-05T17:22:36-0500 lvl=info msg="Rancher starting" args="[./rancher build -distro=ubuntu]"
t=2014-06-05T17:22:36-0500 lvl=warn msg="Unknown default key: release"
t=2014-06-05T17:22:36-0500 lvl=warn msg="Unknown default key: release"
t=2014-06-05T17:22:36-0500 lvl=info msg="Creating PackerTemplate from a RawTemplate."
t=2014-06-05T17:22:36-0500 lvl=info msg="Creating builder from RawTemplate: virtualbox-iso"
t=2014-06-05T18:00:42-0500 lvl=info msg="Rancher starting" args="[./rancher build -distro=ubuntu]"
t=2014-06-05T18:00:42-0500 lvl=warn msg="Unknown default key: release"
t=2014-06-05T18:00:42-0500 lvl=warn msg="Unknown default key: release"
t=2014-06-05T18:00:42-0500 lvl=info msg="Creating PackerTemplate from a RawTemplate."
t=2014-06-05T18:00:42-0500 lvl=info msg="Creating builder from RawTemplate: virtualbox-iso"
t=2014-06-05T18:06:56-0500 lvl=info msg="Rancher starting" args="[./rancher build -distro=ubuntu]"
t=2014-06-05T18:06:56-0500 lvl=warn msg="Unknown default key: release"
t=2014-06-05T18:06:56-0500 lvl=warn msg="Unknown default key: release"
t=2014-06-05T18:06:56-0500 lvl=info msg="Creating PackerTemplate from a RawTemplate."
t=2014-06-05T18:06:56-0500 lvl=info msg="Creating builder from RawTemplate: virtualbox-iso"
t=2014-06-05T18:07:27-0500 lvl=info msg="Rancher starting" args="[./rancher build -distro=ubuntu]"
t=2014-06-05T18:07:27-0500 lvl=warn msg="Unknown default key: release"
t=2014-06-05T18:07:27-0500 lvl=warn msg="Unknown default key: release"
t=2014-06-05T18:07:27-0500 lvl=info msg="Creating PackerTemplate from a RawTemplate."
t=2014-06-05T18:07:27-0500 lvl=info msg="Creating builder from RawTemplate: virtualbox-iso"
t=2014-06-05T18:08:09-0500 lvl=info msg="Rancher starting" args="[./rancher build -distro=ubuntu]"
t=2014-06-05T18:08:09-0500 lvl=warn msg="Unknown default key: release"
t=2014-06-05T18:08:09-0500 lvl=warn msg="Unknown default key: release"
t=2014-06-05T18:08:09-0500 lvl=info msg="Creating PackerTemplate from a RawTemplate."
t=2014-06-05T18:08:09-0500 lvl=info msg="Creating builder from RawTemplate: virtualbox-iso"
t=2014-06-05T18:10:12-0500 lvl=info msg="Rancher starting" args="[./rancher build -distro=ubuntu]"
t=2014-06-05T18:10:12-0500 lvl=warn msg="Unknown default key: release"
t=2014-06-05T18:10:12-0500 lvl=warn msg="Unknown default key: release"
t=2014-06-05T18:10:12-0500 lvl=info msg="Creating PackerTemplate from a RawTemplate."
t=2014-06-05T18:10:12-0500 lvl=info msg="Creating builder from RawTemplate: virtualbox-iso"
t=2014-06-05T18:11:43-0500 lvl=info msg="Rancher starting" args="[./rancher build -distro=ubuntu]"
t=2014-06-05T18:11:43-0500 lvl=warn msg="Unknown default key: release"
t=2014-06-05T18:11:43-0500 lvl=warn msg="Unknown default key: release"
t=2014-06-05T18:11:43-0500 lvl=info msg="Creating PackerTemplate from a RawTemplate."
t=2014-06-05T18:11:43-0500 lvl=info msg="Creating builder from RawTemplate: virtualbox-iso"
t=2014-06-05T18:13:55-0500 lvl=info msg="Rancher starting" args="[./rancher build -distro=ubuntu]"
t=2014-06-05T18:13:55-0500 lvl=info msg="Creating PackerTemplate from a RawTemplate."
t=2014-06-05T18:13:55-0500 lvl=info msg="Creating builder from RawTemplate: virtualbox-iso"
t=2014-06-05T18:15:01-0500 lvl=info msg="Rancher starting" args="[./rancher build -distro=ubuntu]"
t=2014-06-05T18:15:01-0500 lvl=info msg="Creating PackerTemplate from a RawTemplate."
t=2014-06-05T18:15:01-0500 lvl=info msg="Creating builder from RawTemplate: virtualbox-iso"
t=2014-06-05T18:16:20-0500 lvl=info msg="Rancher starting" args="[./rancher build -distro=ubuntu]"
t=2014-06-05T18:16:20-0500 lvl=info msg="Creating PackerTemplate from a RawTemplate."
t=2014-06-05T18:16:20-0500 lvl=info msg="Creating builder from RawTemplate: virtualbox-iso"
t=2014-06-05T18:17:02-0500 lvl=info msg="Rancher starting" args="[./rancher build -distro=ubuntu]"
t=2014-06-05T18:17:02-0500 lvl=info msg="Creating PackerTemplate from a RawTemplate."
t=2014-06-05T18:17:02-0500 lvl=info msg="Creating builder from RawTemplate: virtualbox-iso"
t=2014-06-05T18:18:04-0500 lvl=info msg="Rancher starting" args="[./rancher build -distro=ubuntu]"
t=2014-06-05T18:18:04-0500 lvl=info msg="Creating PackerTemplate from a RawTemplate."
t=2014-06-05T18:18:04-0500 lvl=info msg="Creating builder from RawTemplate: virtualbox-iso"
t=2014-06-05T18:18:43-0500 lvl=info msg="Rancher starting" args="[./rancher build -distro=ubuntu]"
t=2014-06-05T18:18:43-0500 lvl=info msg="Creating PackerTemplate from a RawTemplate."
t=2014-06-05T18:18:43-0500 lvl=info msg="Creating builder from RawTemplate: virtualbox-iso"
t=2014-06-05T18:19:27-0500 lvl=info msg="Rancher starting" args="[./rancher build -distro=ubuntu]"
t=2014-06-05T18:19:27-0500 lvl=info msg="Creating PackerTemplate from a RawTemplate."
t=2014-06-05T18:19:27-0500 lvl=info msg="Creating builder from RawTemplate: virtualbox-iso"
t=2014-06-05T18:20:02-0500 lvl=info msg="Rancher starting" args="[./rancher build -distro=ubuntu]"
t=2014-06-05T18:20:02-0500 lvl=info msg="Creating PackerTemplate from a RawTemplate."
t=2014-06-05T18:20:02-0500 lvl=info msg="Creating builder from RawTemplate: virtualbox-iso"
t=2014-06-05T18:20:03-0500 lvl=eror msg="Unable to retrieve checksum while looking for the release string on the Ubuntu checksums page."
t=2014-06-05T18:20:03-0500 lvl=info msg="Creating builder from RawTemplate: vmware-iso"
t=2014-06-05T18:20:03-0500 lvl=eror msg="Unable to retrieve checksum while looking for the release string on the Ubuntu checksums page."
t=2014-06-05T18:20:03-0500 lvl=info msg="PackerTemplate created from a RawTemplate."
t=2014-06-05T18:20:03-0500 lvl=info msg="Rancher Build complete."
t=2014-06-05T18:20:03-0500 lvl=info msg="Rancher exiting" exitCode=0
t=2014-06-05T18:22:16-0500 lvl=info msg="Rancher starting" args="[./rancher build -distro=ubuntu]"
t=2014-06-05T18:22:16-0500 lvl=info msg="Creating PackerTemplate from a RawTemplate."
t=2014-06-05T18:22:16-0500 lvl=info msg="Creating builder from RawTemplate: virtualbox-iso"
t=2014-06-05T18:22:17-0500 lvl=eror msg="Unable to retrieve checksum while looking for the release string on the Ubuntu checksums page."
t=2014-06-05T18:22:17-0500 lvl=info msg="Creating builder from RawTemplate: vmware-iso"
t=2014-06-05T18:22:17-0500 lvl=eror msg="Unable to retrieve checksum while looking for the release string on the Ubuntu checksums page."
t=2014-06-05T18:22:17-0500 lvl=info msg="PackerTemplate created from a RawTemplate."
t=2014-06-05T18:22:17-0500 lvl=info msg="Rancher Build complete."
t=2014-06-05T18:22:17-0500 lvl=info msg="Rancher exiting" exitCode=0
t=2014-06-05T18:22:44-0500 lvl=info msg="Rancher starting" args="[./rancher build -distro=ubuntu]"
t=2014-06-05T18:22:44-0500 lvl=info msg="Creating PackerTemplate from a RawTemplate."
t=2014-06-05T18:22:44-0500 lvl=info msg="Creating builder from RawTemplate: virtualbox-iso"
t=2014-06-05T18:22:45-0500 lvl=eror msg="Unable to retrieve checksum while looking for the release string on the Ubuntu checksums page."
t=2014-06-05T18:22:45-0500 lvl=info msg="Creating builder from RawTemplate: vmware-iso"
t=2014-06-05T18:22:45-0500 lvl=eror msg="Unable to retrieve checksum while looking for the release string on the Ubuntu checksums page."
t=2014-06-05T18:22:45-0500 lvl=info msg="PackerTemplate created from a RawTemplate."
t=2014-06-05T18:22:45-0500 lvl=info msg="Rancher Build complete."
t=2014-06-05T18:22:45-0500 lvl=info msg="Rancher exiting" exitCode=0
t=2014-06-05T18:23:10-0500 lvl=info msg="Rancher starting" args="[./rancher build -distro=ubuntu]"
t=2014-06-05T18:23:10-0500 lvl=info msg="Creating PackerTemplate from a RawTemplate."
t=2014-06-05T18:23:10-0500 lvl=info msg="Creating builder from RawTemplate: virtualbox-iso"
t=2014-06-05T18:23:10-0500 lvl=eror msg="Unable to retrieve checksum while looking for the release string on the Ubuntu checksums page."
t=2014-06-05T18:23:10-0500 lvl=info msg="Creating builder from RawTemplate: vmware-iso"
t=2014-06-05T18:23:10-0500 lvl=eror msg="Unable to retrieve checksum while looking for the release string on the Ubuntu checksums page."
t=2014-06-05T18:23:10-0500 lvl=info msg="PackerTemplate created from a RawTemplate."
t=2014-06-05T18:23:10-0500 lvl=info msg="Rancher Build complete."
t=2014-06-05T18:23:10-0500 lvl=info msg="Rancher exiting" exitCode=0
t=2014-06-05T18:23:52-0500 lvl=info msg="Rancher starting" args="[./rancher build -distro=ubuntu]"
t=2014-06-05T18:23:52-0500 lvl=info msg="Creating PackerTemplate from a RawTemplate."
t=2014-06-05T18:23:52-0500 lvl=info msg="Creating builder from RawTemplate: virtualbox-iso"
t=2014-06-05T18:23:53-0500 lvl=eror msg="Unable to parse release information on the Ubuntu checksum page."
t=2014-06-05T18:23:53-0500 lvl=info msg="Creating builder from RawTemplate: vmware-iso"
t=2014-06-05T18:23:53-0500 lvl=eror msg="Unable to parse release information on the Ubuntu checksum page."
t=2014-06-05T18:23:53-0500 lvl=info msg="PackerTemplate created from a RawTemplate."
t=2014-06-05T18:23:53-0500 lvl=info msg="Rancher Build complete."
t=2014-06-05T18:23:53-0500 lvl=info msg="Rancher exiting" exitCode=0
t=2014-06-05T18:24:50-0500 lvl=info msg="Rancher starting" args="[./rancher build -distro=ubuntu]"
t=2014-06-05T18:24:50-0500 lvl=info msg="Creating PackerTemplate from a RawTemplate."
t=2014-06-05T18:24:50-0500 lvl=info msg="Creating builder from RawTemplate: virtualbox-iso"
t=2014-06-05T18:24:50-0500 lvl=eror msg="Unable to retrieve checksum while looking for the release string on the Ubuntu checksums page."
t=2014-06-05T18:24:50-0500 lvl=info msg="Creating builder from RawTemplate: vmware-iso"
t=2014-06-05T18:24:50-0500 lvl=eror msg="Unable to retrieve checksum while looking for the release string on the Ubuntu checksums page."
t=2014-06-05T18:24:50-0500 lvl=info msg="PackerTemplate created from a RawTemplate."
t=2014-06-05T18:24:50-0500 lvl=info msg="Rancher Build complete."
t=2014-06-05T18:24:50-0500 lvl=info msg="Rancher exiting" exitCode=0
t=2014-06-05T18:25:10-0500 lvl=info msg="Rancher starting" args="[./rancher build -distro=ubuntu]"
t=2014-06-05T18:25:10-0500 lvl=info msg="Creating PackerTemplate from a RawTemplate."
t=2014-06-05T18:25:10-0500 lvl=info msg="Creating builder from RawTemplate: virtualbox-iso"
t=2014-06-05T18:25:10-0500 lvl=eror msg="Unable to retrieve checksum while looking for the release string on the Ubuntu checksums page."
t=2014-06-05T18:25:10-0500 lvl=info msg="Creating builder from RawTemplate: vmware-iso"
t=2014-06-05T18:25:10-0500 lvl=eror msg="Unable to retrieve checksum while looking for the release string on the Ubuntu checksums page."
t=2014-06-05T18:25:10-0500 lvl=info msg="PackerTemplate created from a RawTemplate."
t=2014-06-05T18:25:10-0500 lvl=info msg="Rancher Build complete."
t=2014-06-05T18:25:10-0500 lvl=info msg="Rancher exiting" exitCode=0
t=2014-06-05T18:26:00-0500 lvl=info msg="Rancher starting" args="[./rancher build -distro=ubuntu]"
t=2014-06-05T18:26:00-0500 lvl=info msg="Creating PackerTemplate from a RawTemplate."
t=2014-06-05T18:26:00-0500 lvl=info msg="Creating builder from RawTemplate: virtualbox-iso"
t=2014-06-05T18:26:01-0500 lvl=info msg="Creating builder from RawTemplate: vmware-iso"
t=2014-06-05T18:26:01-0500 lvl=info msg="PackerTemplate created from a RawTemplate."
t=2014-06-05T18:26:01-0500 lvl=info msg="Rancher Build complete."
t=2014-06-05T18:26:01-0500 lvl=info msg="Rancher exiting" exitCode=0
t=2014-06-05T18:28:43-0500 lvl=info msg="Rancher starting" args="[./rancher build -distro=ubuntu]"
t=2014-06-05T18:28:43-0500 lvl=info msg="Creating PackerTemplate from a RawTemplate."
t=2014-06-05T18:28:43-0500 lvl=info msg="Creating builder from RawTemplate: virtualbox-iso"
t=2014-06-05T18:28:43-0500 lvl=info msg="Creating builder from RawTemplate: vmware-iso"
t=2014-06-05T18:28:44-0500 lvl=info msg="PackerTemplate created from a RawTemplate."
t=2014-06-05T18:28:44-0500 lvl=info msg="Rancher Build complete."
t=2014-06-05T18:28:44-0500 lvl=info msg="Rancher exiting" exitCode=0
t=2014-06-05T18:29:36-0500 lvl=info msg="Rancher starting" args="[./rancher build -distro=ubuntu]"
t=2014-06-05T18:29:36-0500 lvl=info msg="Creating PackerTemplate from a RawTemplate."
t=2014-06-05T18:29:36-0500 lvl=info msg="Creating builder from RawTemplate: virtualbox-iso"
t=2014-06-05T18:29:36-0500 lvl=info msg="Creating builder from RawTemplate: vmware-iso"
t=2014-06-05T18:29:36-0500 lvl=info msg="PackerTemplate created from a RawTemplate."
t=2014-06-05T18:29:36-0500 lvl=info msg="Rancher Build complete."
t=2014-06-05T18:29:36-0500 lvl=info msg="Rancher exiting" exitCode=0
t=2014-06-05T18:31:39-0500 lvl=info msg="Rancher starting" args="[./rancher build -distro=ubuntu]"
t=2014-06-05T18:31:39-0500 lvl=info msg="Creating PackerTemplate from a RawTemplate."
t=2014-06-05T18:31:39-0500 lvl=info msg="Creating builder from RawTemplate: virtualbox-iso"
t=2014-06-05T18:31:39-0500 lvl=info msg="Creating builder from RawTemplate: vmware-iso"
t=2014-06-05T18:31:39-0500 lvl=info msg="PackerTemplate created from a RawTemplate."
t=2014-06-05T18:31:39-0500 lvl=info msg="Rancher Build complete."
t=2014-06-05T18:31:39-0500 lvl=info msg="Rancher exiting" exitCode=0
t=2014-06-05T18:37:55-0500 lvl=info msg="Rancher starting" args="[./rancher build -distro=ubuntu]"
t=2014-06-05T18:37:55-0500 lvl=info msg="Creating PackerTemplate from a RawTemplate."
t=2014-06-05T18:37:55-0500 lvl=info msg="Creating builder from RawTemplate: virtualbox-iso"
t=2014-06-05T18:37:56-0500 lvl=info msg="Creating builder from RawTemplate: vmware-iso"
t=2014-06-05T18:37:59-0500 lvl=info msg="Rancher starting" args="[./rancher build -distro=ubuntu]"
t=2014-06-05T18:37:59-0500 lvl=info msg="Creating PackerTemplate from a RawTemplate."
t=2014-06-05T18:37:59-0500 lvl=info msg="Creating builder from RawTemplate: virtualbox-iso"
t=2014-06-05T18:38:00-0500 lvl=info msg="Creating builder from RawTemplate: vmware-iso"
t=2014-06-05T18:38:01-0500 lvl=info msg="PackerTemplate created from a RawTemplate."
t=2014-06-05T18:38:01-0500 lvl=info msg="Rancher Build complete."
t=2014-06-05T18:38:01-0500 lvl=info msg="Rancher exiting" exitCode=0
t=2014-06-05T18:38:54-0500 lvl=info msg="Rancher starting" args="[./rancher build -distro=ubuntu]"
t=2014-06-05T18:38:54-0500 lvl=info msg="Creating PackerTemplate from a RawTemplate."
t=2014-06-05T18:38:54-0500 lvl=info msg="Creating builder from RawTemplate: virtualbox-iso"
t=2014-06-05T18:38:55-0500 lvl=info msg="Creating builder from RawTemplate: vmware-iso"
t=2014-06-05T18:38:55-0500 lvl=info msg="PackerTemplate created from a RawTemplate."
t=2014-06-05T18:38:55-0500 lvl=info msg="Rancher Build complete."
t=2014-06-05T18:38:55-0500 lvl=info msg="Rancher exiting" exitCode=0
t=2014-06-05T18:41:28-0500 lvl=info msg="Rancher starting" args="[./rancher build -distro=ubuntu]"
t=2014-06-05T18:41:28-0500 lvl=info msg="Creating PackerTemplate from a RawTemplate."
t=2014-06-05T18:41:28-0500 lvl=info msg="Creating builder from RawTemplate: virtualbox-iso"
t=2014-06-05T18:41:28-0500 lvl=info msg="Creating builder from RawTemplate: vmware-iso"
t=2014-06-05T18:41:28-0500 lvl=info msg="PackerTemplate created from a RawTemplate."
t=2014-06-05T18:41:28-0500 lvl=info msg="Rancher Build complete."
t=2014-06-05T18:41:28-0500 lvl=info msg="Rancher exiting" exitCode=0
t=2014-06-05T18:41:54-0500 lvl=info msg="Rancher starting" args="[./rancher build -distro=ubuntu]"
t=2014-06-05T18:41:54-0500 lvl=info msg="Creating PackerTemplate from a RawTemplate."
t=2014-06-05T18:41:54-0500 lvl=info msg="Creating builder from RawTemplate: virtualbox-iso"
t=2014-06-05T18:41:54-0500 lvl=info msg="Creating builder from RawTemplate: vmware-iso"
t=2014-06-05T18:41:54-0500 lvl=info msg="PackerTemplate created from a RawTemplate."
t=2014-06-05T18:41:54-0500 lvl=info msg="Rancher Build complete."
t=2014-06-05T18:41:54-0500 lvl=info msg="Rancher exiting" exitCode=0
t=2014-06-05T18:43:23-0500 lvl=info msg="Rancher starting" args="[./rancher build -distro=ubuntu]"
t=2014-06-05T18:43:23-0500 lvl=info msg="Creating PackerTemplate from a RawTemplate."
t=2014-06-05T18:43:23-0500 lvl=info msg="Creating builder from RawTemplate: virtualbox-iso"
t=2014-06-05T18:43:23-0500 lvl=info msg="Creating builder from RawTemplate: vmware-iso"
t=2014-06-05T18:43:23-0500 lvl=info msg="PackerTemplate created from a RawTemplate."
t=2014-06-05T18:43:23-0500 lvl=info msg="Rancher Build complete."
t=2014-06-05T18:43:23-0500 lvl=info msg="Rancher exiting" exitCode=0
t=2014-06-05T18:45:49-0500 lvl=info msg="Rancher starting" args="[./rancher build -distro=ubuntu]"
t=2014-06-05T18:45:49-0500 lvl=info msg="Creating PackerTemplate from a RawTemplate."
t=2014-06-05T18:45:49-0500 lvl=info msg="Creating builder from RawTemplate: virtualbox-iso"
t=2014-06-05T18:45:49-0500 lvl=info msg="Creating builder from RawTemplate: vmware-iso"
t=2014-06-05T18:45:49-0500 lvl=info msg="PackerTemplate created from a RawTemplate."
t=2014-06-05T18:45:49-0500 lvl=info msg="Rancher Build complete."
t=2014-06-05T18:45:49-0500 lvl=info msg="Rancher exiting" exitCode=0
t=2014-06-05T18:46:42-0500 lvl=info msg="Rancher starting" args="[./rancher build -distro=ubuntu]"
t=2014-06-05T18:46:42-0500 lvl=info msg="Creating PackerTemplate from a RawTemplate."
t=2014-06-05T18:46:42-0500 lvl=info msg="Creating builder from RawTemplate: virtualbox-iso"
t=2014-06-05T18:46:42-0500 lvl=eror msg="open :/boot.command: no such file or directory"
t=2014-06-05T18:46:42-0500 lvl=warn msg="invalid argument"
t=2014-06-05T18:46:42-0500 lvl=warn msg="invalid argument"
t=2014-06-05T18:46:42-0500 lvl=eror msg="open :/shutdown.command: no such file or directory"
t=2014-06-05T18:46:42-0500 lvl=warn msg="invalid argument"
t=2014-06-05T18:46:42-0500 lvl=warn msg="invalid argument"
t=2014-06-05T18:49:41-0500 lvl=info msg="Rancher starting" args="[./rancher build -distro=ubuntu]"
t=2014-06-05T18:49:41-0500 lvl=info msg="Creating PackerTemplate from a RawTemplate."
t=2014-06-05T18:49:41-0500 lvl=info msg="Creating builder from RawTemplate: virtualbox-iso"
t=2014-06-05T18:49:41-0500 lvl=eror msg="open :/boot.command: no such file or directory"
t=2014-06-05T18:49:41-0500 lvl=warn msg="invalid argument"
t=2014-06-05T18:49:41-0500 lvl=warn msg="invalid argument"
t=2014-06-05T18:49:41-0500 lvl=eror msg="open :/shutdown.command: no such file or directory"
t=2014-06-05T18:49:41-0500 lvl=warn msg="invalid argument"
t=2014-06-05T18:49:41-0500 lvl=warn msg="invalid argument"
t=2014-06-05T18:50:56-0500 lvl=info msg="Rancher starting" args="[./rancher build -distro=ubuntu]"
t=2014-06-05T18:50:56-0500 lvl=info msg="Creating PackerTemplate from a RawTemplate."
t=2014-06-05T18:50:56-0500 lvl=info msg="Creating builder from RawTemplate: virtualbox-iso"
t=2014-06-05T18:50:56-0500 lvl=eror msg="open :/boot.command: no such file or directory"
t=2014-06-05T18:50:56-0500 lvl=warn msg="invalid argument"
t=2014-06-05T18:50:56-0500 lvl=warn msg="invalid argument"
t=2014-06-05T18:50:56-0500 lvl=eror msg="open :/shutdown.command: no such file or directory"
t=2014-06-05T18:50:56-0500 lvl=warn msg="invalid argument"
t=2014-06-05T18:50:56-0500 lvl=warn msg="invalid argument"
t=2014-06-05T18:52:10-0500 lvl=info msg="Rancher starting" args="[./rancher build -distro=ubuntu]"
t=2014-06-05T18:52:10-0500 lvl=info msg="Creating PackerTemplate from a RawTemplate."
t=2014-06-05T18:52:10-0500 lvl=info msg="Creating builder from RawTemplate: virtualbox-iso"
t=2014-06-05T18:52:10-0500 lvl=eror msg="open :/boot.command: no such file or directory"
t=2014-06-05T18:52:10-0500 lvl=warn msg="invalid argument"
t=2014-06-05T18:52:10-0500 lvl=warn msg="invalid argument"
t=2014-06-05T18:52:10-0500 lvl=eror msg="open :/shutdown.command: no such file or directory"
t=2014-06-05T18:52:10-0500 lvl=warn msg="invalid argument"
t=2014-06-05T18:52:10-0500 lvl=warn msg="invalid argument"
t=2014-06-05T18:54:25-0500 lvl=info msg="Rancher starting" args="[./rancher build -distro=ubuntu]"
t=2014-06-05T18:54:25-0500 lvl=info msg="Creating PackerTemplate from a RawTemplate."
t=2014-06-05T18:54:25-0500 lvl=info msg="Creating builder from RawTemplate: virtualbox-iso"
t=2014-06-05T18:54:25-0500 lvl=eror msg="open /boot.command: no such file or directory"
t=2014-06-05T18:54:25-0500 lvl=warn msg="invalid argument"
t=2014-06-05T18:54:25-0500 lvl=warn msg="invalid argument"
t=2014-06-05T18:54:25-0500 lvl=eror msg="open /shutdown.command: no such file or directory"
t=2014-06-05T18:54:25-0500 lvl=warn msg="invalid argument"
t=2014-06-05T18:54:25-0500 lvl=warn msg="invalid argument"
t=2014-06-05T19:02:45-0500 lvl=info msg="Rancher starting" args="[./rancher build -distro=ubuntu]"
t=2014-06-05T19:02:45-0500 lvl=info msg="Creating PackerTemplate from a RawTemplate."
t=2014-06-05T19:02:45-0500 lvl=info msg="Creating builder from RawTemplate: virtualbox-iso"
t=2014-06-05T19:02:45-0500 lvl=eror msg="open /boot.command: no such file or directory"
t=2014-06-05T19:02:45-0500 lvl=warn msg="invalid argument"
t=2014-06-05T19:02:45-0500 lvl=warn msg="invalid argument"
t=2014-06-05T19:02:45-0500 lvl=eror msg="open /shutdown.command: no such file or directory"
t=2014-06-05T19:02:45-0500 lvl=warn msg="invalid argument"
t=2014-06-05T19:02:45-0500 lvl=warn msg="invalid argument"
t=2014-06-05T19:14:50-0500 lvl=info msg="Rancher starting" args="[./rancher build -distro=ubuntu]"
t=2014-06-05T19:14:50-0500 lvl=info msg="Creating PackerTemplate from a RawTemplate."
t=2014-06-05T19:14:50-0500 lvl=info msg="Creating builder from RawTemplate: virtualbox-iso"
t=2014-06-05T19:14:50-0500 lvl=eror msg="open /boot.command: no such file or directory"
t=2014-06-05T19:14:50-0500 lvl=warn msg="invalid argument"
t=2014-06-05T19:14:50-0500 lvl=warn msg="invalid argument"
t=2014-06-05T19:14:50-0500 lvl=eror msg="open /shutdown.command: no such file or directory"
t=2014-06-05T19:14:50-0500 lvl=warn msg="invalid argument"
t=2014-06-05T19:14:50-0500 lvl=warn msg="invalid argument"
t=2014-06-05T19:17:04-0500 lvl=info msg="Rancher starting" args="[./rancher build -distro=ubuntu]"
t=2014-06-05T19:17:04-0500 lvl=info msg="Creating PackerTemplate from a RawTemplate."
t=2014-06-05T19:17:04-0500 lvl=info msg="Creating builder from RawTemplate: virtualbox-iso"
t=2014-06-05T19:17:04-0500 lvl=eror msg="open /boot.command: no such file or directory"
t=2014-06-05T19:17:04-0500 lvl=warn msg="invalid argument"
t=2014-06-05T19:17:04-0500 lvl=warn msg="invalid argument"
t=2014-06-05T19:17:04-0500 lvl=eror msg="open /shutdown.command: no such file or directory"
t=2014-06-05T19:17:04-0500 lvl=warn msg="invalid argument"
t=2014-06-05T19:17:04-0500 lvl=warn msg="invalid argument"
t=2014-06-05T19:18:39-0500 lvl=info msg="Rancher starting" args="[./rancher build -distro=ubuntu]"
t=2014-06-05T19:18:39-0500 lvl=info msg="Creating PackerTemplate from a RawTemplate."
t=2014-06-05T19:18:39-0500 lvl=info msg="Creating builder from RawTemplate: virtualbox-iso"
t=2014-06-05T19:18:39-0500 lvl=eror msg="open /boot.command: no such file or directory"
t=2014-06-05T19:18:39-0500 lvl=warn msg="invalid argument"
t=2014-06-05T19:18:39-0500 lvl=warn msg="invalid argument"
t=2014-06-05T19:18:40-0500 lvl=eror msg="open /shutdown.command: no such file or directory"
t=2014-06-05T19:18:40-0500 lvl=warn msg="invalid argument"
t=2014-06-05T19:18:40-0500 lvl=warn msg="invalid argument"
t=2014-06-05T19:21:45-0500 lvl=info msg="Rancher starting" args="[./rancher build -distro=ubuntu]"
t=2014-06-05T19:21:45-0500 lvl=info msg="Creating PackerTemplate from a RawTemplate."
t=2014-06-05T19:21:45-0500 lvl=info msg="Creating builder from RawTemplate: virtualbox-iso"
t=2014-06-05T19:21:45-0500 lvl=info msg="Creating builder from RawTemplate: vmware-iso"
t=2014-06-05T19:21:45-0500 lvl=info msg="PackerTemplate created from a RawTemplate."
t=2014-06-05T19:21:45-0500 lvl=info msg="Rancher Build complete."
t=2014-06-05T19:21:45-0500 lvl=info msg="Rancher exiting" exitCode=0
t=2014-06-05T19:23:41-0500 lvl=info msg="Rancher starting" args="[./rancher build -distro=ubuntu]"
t=2014-06-05T19:23:41-0500 lvl=info msg="Creating PackerTemplate from a RawTemplate."
t=2014-06-05T19:23:41-0500 lvl=info msg="Creating builder from RawTemplate: virtualbox-iso"
t=2014-06-05T19:23:41-0500 lvl=info msg="Creating builder from RawTemplate: vmware-iso"
t=2014-06-05T19:23:42-0500 lvl=info msg="PackerTemplate created from a RawTemplate."
t=2014-06-05T19:23:42-0500 lvl=info msg="Rancher Build complete."
t=2014-06-05T19:23:42-0500 lvl=info msg="Rancher exiting" exitCode=0
t=2014-06-05T19:28:49-0500 lvl=info msg="Rancher starting" args="[./rancher build -distro=ubuntu]"
t=2014-06-05T19:28:49-0500 lvl=info msg="Creating PackerTemplate from a RawTemplate."
t=2014-06-05T19:28:49-0500 lvl=info msg="Creating builder from RawTemplate: virtualbox-iso"
t=2014-06-05T19:28:49-0500 lvl=info msg="Creating builder from RawTemplate: vmware-iso"
t=2014-06-05T19:28:49-0500 lvl=info msg="PackerTemplate created from a RawTemplate."
t=2014-06-05T19:28:49-0500 lvl=info msg="Rancher Build complete."
t=2014-06-05T19:28:49-0500 lvl=info msg="Rancher exiting" exitCode=0
t=2014-06-05T19:29:38-0500 lvl=info msg="Rancher starting" args="[./rancher build -distro=ubuntu]"
t=2014-06-05T19:29:38-0500 lvl=info msg="Creating PackerTemplate from a RawTemplate."
t=2014-06-05T19:29:38-0500 lvl=info msg="Creating builder from RawTemplate: virtualbox-iso"
t=2014-06-05T19:29:39-0500 lvl=info msg="Creating builder from RawTemplate: vmware-iso"
t=2014-06-05T19:29:39-0500 lvl=info msg="PackerTemplate created from a RawTemplate."
t=2014-06-05T19:29:39-0500 lvl=info msg="Rancher Build complete."
t=2014-06-05T19:29:39-0500 lvl=info msg="Rancher exiting" exitCode=0
t=2014-06-05T19:30:31-0500 lvl=info msg="Rancher starting" args="[./rancher build -distro=ubuntu]"
t=2014-06-05T19:30:31-0500 lvl=info msg="Creating PackerTemplate from a RawTemplate."
t=2014-06-05T19:30:31-0500 lvl=info msg="Creating builder from RawTemplate: virtualbox-iso"
t=2014-06-05T19:30:32-0500 lvl=info msg="Creating builder from RawTemplate: vmware-iso"
t=2014-06-05T19:30:32-0500 lvl=info msg="PackerTemplate created from a RawTemplate."
t=2014-06-05T19:30:32-0500 lvl=info msg="Rancher Build complete."
t=2014-06-05T19:30:32-0500 lvl=info msg="Rancher exiting" exitCode=0
t=2014-06-05T19:31:36-0500 lvl=info msg="Rancher starting" args="[./rancher build -distro=ubuntu]"
t=2014-06-05T19:31:36-0500 lvl=info msg="Creating PackerTemplate from a RawTemplate."
t=2014-06-05T19:31:36-0500 lvl=info msg="Creating builder from RawTemplate: virtualbox-iso"
t=2014-06-05T19:31:37-0500 lvl=info msg="Creating builder from RawTemplate: vmware-iso"
t=2014-06-05T19:31:37-0500 lvl=info msg="PackerTemplate created from a RawTemplate."
t=2014-06-05T19:31:37-0500 lvl=info msg="Rancher Build complete."
t=2014-06-05T19:31:37-0500 lvl=info msg="Rancher exiting" exitCode=0
t=2014-06-05T19:39:11-0500 lvl=info msg="Rancher starting" args="[./rancher build -distro=ubuntu]"
t=2014-06-05T19:39:11-0500 lvl=info msg="Creating PackerTemplate from a RawTemplate."
t=2014-06-05T19:39:11-0500 lvl=info msg="Creating builder from RawTemplate: virtualbox-iso"
t=2014-06-05T19:39:11-0500 lvl=info msg="Creating builder from RawTemplate: vmware-iso"
t=2014-06-05T19:39:11-0500 lvl=info msg="PackerTemplate created from a RawTemplate."
t=2014-06-05T19:39:11-0500 lvl=info msg="Rancher Build complete."
t=2014-06-05T19:39:11-0500 lvl=info msg="Rancher exiting" exitCode=0
t=2014-06-05T19:40:13-0500 lvl=info msg="Rancher starting" args="[./rancher build -distro=ubuntu 1204-amd64-server]"
t=2014-06-05T19:40:13-0500 lvl=info msg="Creating PackerTemplate from a RawTemplate."
t=2014-06-05T19:40:13-0500 lvl=info msg="Creating builder from RawTemplate: virtualbox-iso"
t=2014-06-05T19:40:13-0500 lvl=info msg="Creating builder from RawTemplate: vmware-iso"
t=2014-06-05T19:40:14-0500 lvl=info msg="PackerTemplate created from a RawTemplate."
t=2014-06-05T19:40:14-0500 lvl=info msg="Processing builds: 1204-amd64-server "
t=2014-06-05T19:40:14-0500 lvl=info msg="Creating PackerTemplate from a RawTemplate."
t=2014-06-05T19:40:14-0500 lvl=info msg="Creating builder from RawTemplate: virtualbox-iso"
t=2014-06-05T19:40:14-0500 lvl=eror msg="open :/boot.command: no such file or directory"
t=2014-06-05T19:40:14-0500 lvl=warn msg="invalid argument"
t=2014-06-05T19:40:14-0500 lvl=warn msg="invalid argument"
t=2014-06-05T19:40:14-0500 lvl=eror msg="open :/shutdown.command: no such file or directory"
t=2014-06-05T19:40:14-0500 lvl=warn msg="invalid argument"
t=2014-06-05T19:40:14-0500 lvl=warn msg="invalid argument"
t=2014-06-05T19:44:49-0500 lvl=info msg="Rancher starting" args="[./rancher build -distro=ubuntu]"
t=2014-06-05T19:44:49-0500 lvl=info msg="Creating PackerTemplate from a RawTemplate."
t=2014-06-05T19:44:49-0500 lvl=info msg="Creating builder from RawTemplate: virtualbox-iso"
t=2014-06-05T19:44:50-0500 lvl=info msg="Creating builder from RawTemplate: vmware-iso"
t=2014-06-05T19:44:50-0500 lvl=info msg="PackerTemplate created from a RawTemplate."
t=2014-06-05T19:44:50-0500 lvl=info msg="Rancher Build complete."
t=2014-06-05T19:44:50-0500 lvl=info msg="Rancher exiting" exitCode=0
t=2014-06-05T19:44:51-0500 lvl=info msg="Rancher starting" args="[./rancher build -distro=ubuntu]"
t=2014-06-05T19:44:51-0500 lvl=info msg="Creating PackerTemplate from a RawTemplate."
t=2014-06-05T19:44:51-0500 lvl=info msg="Creating builder from RawTemplate: virtualbox-iso"
t=2014-06-05T19:44:52-0500 lvl=info msg="Creating builder from RawTemplate: vmware-iso"
t=2014-06-05T19:44:52-0500 lvl=info msg="PackerTemplate created from a RawTemplate."
t=2014-06-05T19:44:52-0500 lvl=info msg="Rancher Build complete."
t=2014-06-05T19:44:52-0500 lvl=info msg="Rancher exiting" exitCode=0
t=2014-06-05T19:44:55-0500 lvl=info msg="Rancher starting" args="[./rancher build -distro=ubuntu]"
t=2014-06-05T19:44:55-0500 lvl=info msg="Creating PackerTemplate from a RawTemplate."
t=2014-06-05T19:44:55-0500 lvl=info msg="Creating builder from RawTemplate: virtualbox-iso"
t=2014-06-05T19:44:55-0500 lvl=info msg="Creating builder from RawTemplate: vmware-iso"
t=2014-06-05T19:44:55-0500 lvl=info msg="PackerTemplate created from a RawTemplate."
t=2014-06-05T19:44:55-0500 lvl=info msg="Rancher Build complete."
t=2014-06-05T19:44:55-0500 lvl=info msg="Rancher exiting" exitCode=0
t=2014-06-05T19:45:22-0500 lvl=info msg="Rancher starting" args="[./rancher build -distro=ubuntu 1204-amd64-server]"
t=2014-06-05T19:45:22-0500 lvl=info msg="Creating PackerTemplate from a RawTemplate."
t=2014-06-05T19:45:22-0500 lvl=info msg="Creating builder from RawTemplate: virtualbox-iso"
t=2014-06-05T19:45:23-0500 lvl=info msg="Creating builder from RawTemplate: vmware-iso"
t=2014-06-05T19:45:23-0500 lvl=info msg="PackerTemplate created from a RawTemplate."
t=2014-06-05T19:45:23-0500 lvl=info msg="Processing builds: 1204-amd64-server "
t=2014-06-05T19:45:23-0500 lvl=info msg="Creating PackerTemplate from a RawTemplate."
t=2014-06-05T19:45:23-0500 lvl=info msg="Creating builder from RawTemplate: virtualbox-iso"
t=2014-06-05T19:45:23-0500 lvl=eror msg="open :/boot.command: no such file or directory"
t=2014-06-05T19:45:23-0500 lvl=warn msg="invalid argument"
t=2014-06-05T19:45:23-0500 lvl=warn msg="invalid argument"
t=2014-06-05T19:45:23-0500 lvl=eror msg="open :/shutdown.command: no such file or directory"
t=2014-06-05T19:45:23-0500 lvl=warn msg="invalid argument"
t=2014-06-05T19:45:23-0500 lvl=warn msg="invalid argument"
t=2014-06-05T19:47:32-0500 lvl=info msg="Rancher starting" args="[./rancher build -distro=ubuntu 1204-amd64-server]"
t=2014-06-05T19:47:32-0500 lvl=info msg="Creating PackerTemplate from a RawTemplate."
t=2014-06-05T19:47:32-0500 lvl=info msg="Creating builder from RawTemplate: virtualbox-iso"
t=2014-06-05T19:47:32-0500 lvl=info msg="Creating builder from RawTemplate: vmware-iso"
t=2014-06-05T19:47:32-0500 lvl=info msg="PackerTemplate created from a RawTemplate."
t=2014-06-05T19:47:32-0500 lvl=info msg="Processing builds: 1204-amd64-server "
t=2014-06-05T19:47:32-0500 lvl=info msg="Creating PackerTemplate from a RawTemplate."
t=2014-06-05T19:47:32-0500 lvl=info msg="Creating builder from RawTemplate: virtualbox-iso"
t=2014-06-05T19:47:32-0500 lvl=eror msg="open :/boot.command: no such file or directory"
t=2014-06-05T19:47:32-0500 lvl=warn msg="invalid argument"
t=2014-06-05T19:47:32-0500 lvl=warn msg="invalid argument"
t=2014-06-05T19:47:32-0500 lvl=eror msg="open :/shutdown.command: no such file or directory"
t=2014-06-05T19:47:32-0500 lvl=warn msg="invalid argument"
t=2014-06-05T19:47:32-0500 lvl=warn msg="invalid argument"
t=2014-06-05T19:49:57-0500 lvl=info msg="Rancher starting" args="[./rancher build -distro=ubuntu 1204-amd64-server]"
t=2014-06-05T19:49:57-0500 lvl=info msg="Creating PackerTemplate from a RawTemplate."
t=2014-06-05T19:49:57-0500 lvl=info msg="Creating builder from RawTemplate: virtualbox-iso"
t=2014-06-05T19:49:57-0500 lvl=info msg="Creating builder from RawTemplate: vmware-iso"
t=2014-06-05T19:49:57-0500 lvl=info msg="PackerTemplate created from a RawTemplate."
t=2014-06-05T19:49:57-0500 lvl=info msg="Processing builds: 1204-amd64-server "
t=2014-06-05T19:49:57-0500 lvl=info msg="Creating PackerTemplate from a RawTemplate."
t=2014-06-05T19:49:57-0500 lvl=info msg="Creating builder from RawTemplate: virtualbox-iso"
t=2014-06-05T19:49:57-0500 lvl=eror msg="Unable to find ISO information while looking for the release string on the Ubuntu checksums page."
t=2014-06-05T19:49:57-0500 lvl=info msg="PackerTemplate created from a RawTemplate."
t=2014-06-05T19:49:57-0500 lvl=info msg="Rancher Build complete."
t=2014-06-05T19:49:57-0500 lvl=info msg="Rancher exiting" exitCode=0
t=2014-06-05T19:52:47-0500 lvl=info msg="Rancher starting" args="[./rancher build -distro=ubuntu 1204-amd64-server]"
t=2014-06-05T19:52:47-0500 lvl=info msg="Creating PackerTemplate from a RawTemplate."
t=2014-06-05T19:52:47-0500 lvl=info msg="Creating builder from RawTemplate: virtualbox-iso"
t=2014-06-05T19:52:48-0500 lvl=info msg="Creating builder from RawTemplate: vmware-iso"
t=2014-06-05T19:52:48-0500 lvl=info msg="PackerTemplate created from a RawTemplate."
t=2014-06-05T19:52:48-0500 lvl=info msg="Processing builds: 1204-amd64-server "
t=2014-06-05T19:52:48-0500 lvl=info msg="Creating PackerTemplate from a RawTemplate."
t=2014-06-05T19:52:48-0500 lvl=info msg="Creating builder from RawTemplate: virtualbox-iso"
t=2014-06-05T19:52:48-0500 lvl=eror msg="Unable to find ISO information while looking for the release string on the Ubuntu checksums page."
t=2014-06-05T19:52:48-0500 lvl=info msg="PackerTemplate created from a RawTemplate."
t=2014-06-05T19:52:48-0500 lvl=info msg="Rancher Build complete."
t=2014-06-05T19:52:48-0500 lvl=info msg="Rancher exiting" exitCode=0
t=2014-06-05T19:54:26-0500 lvl=info msg="Rancher starting" args="[./rancher build -distro=ubuntu 1204-amd64-server]"
t=2014-06-05T19:54:26-0500 lvl=info msg="Creating PackerTemplate from a RawTemplate."
t=2014-06-05T19:54:26-0500 lvl=info msg="Creating builder from RawTemplate: virtualbox-iso"
t=2014-06-05T19:54:26-0500 lvl=info msg="Creating builder from RawTemplate: vmware-iso"
t=2014-06-05T19:54:26-0500 lvl=info msg="PackerTemplate created from a RawTemplate."
t=2014-06-05T19:54:26-0500 lvl=info msg="Processing builds: 1204-amd64-server "
t=2014-06-05T19:54:26-0500 lvl=info msg="Creating PackerTemplate from a RawTemplate."
t=2014-06-05T19:54:26-0500 lvl=info msg="Creating builder from RawTemplate: virtualbox-iso"
t=2014-06-05T19:54:26-0500 lvl=eror msg="Unable to find ISO information while looking for the release string on the Ubuntu checksums page."
t=2014-06-05T19:54:26-0500 lvl=info msg="PackerTemplate created from a RawTemplate."
t=2014-06-05T19:54:26-0500 lvl=info msg="Rancher Build complete."
t=2014-06-05T19:54:26-0500 lvl=info msg="Rancher exiting" exitCode=0
t=2014-06-05T19:55:07-0500 lvl=info msg="Rancher starting" args="[./rancher build -distro=ubuntu 1204-amd64-server]"
t=2014-06-05T19:55:07-0500 lvl=info msg="Creating PackerTemplate from a RawTemplate."
t=2014-06-05T19:55:07-0500 lvl=info msg="Creating builder from RawTemplate: virtualbox-iso"
t=2014-06-05T19:55:07-0500 lvl=info msg="Creating builder from RawTemplate: vmware-iso"
t=2014-06-05T19:55:07-0500 lvl=info msg="PackerTemplate created from a RawTemplate."
t=2014-06-05T19:55:07-0500 lvl=info msg="Processing builds: 1204-amd64-server "
t=2014-06-05T19:55:07-0500 lvl=info msg="Creating PackerTemplate from a RawTemplate."
t=2014-06-05T19:55:07-0500 lvl=info msg="Creating builder from RawTemplate: virtualbox-iso"
t=2014-06-05T19:55:07-0500 lvl=eror msg="Unable to find ISO information while looking for the release string on the Ubuntu checksums page."
t=2014-06-05T19:55:07-0500 lvl=info msg="PackerTemplate created from a RawTemplate."
t=2014-06-05T19:55:07-0500 lvl=info msg="Rancher Build complete."
t=2014-06-05T19:55:07-0500 lvl=info msg="Rancher exiting" exitCode=0
t=2014-06-05T20:27:47-0500 lvl=info msg="Rancher starting" args="[./rancher build -distro=ubuntu 1204-amd64-server]"
t=2014-06-05T20:27:47-0500 lvl=info msg="Creating PackerTemplate from a RawTemplate."
t=2014-06-05T20:27:47-0500 lvl=info msg="Creating builder from RawTemplate: virtualbox-iso"
t=2014-06-05T20:27:47-0500 lvl=info msg="Creating builder from RawTemplate: vmware-iso"
t=2014-06-05T20:27:47-0500 lvl=info msg="PackerTemplate created from a RawTemplate."
t=2014-06-05T20:27:47-0500 lvl=info msg="Processing builds: 1204-amd64-server "
t=2014-06-05T20:27:47-0500 lvl=info msg="Creating PackerTemplate from a RawTemplate."
t=2014-06-05T20:27:47-0500 lvl=info msg="Creating builder from RawTemplate: virtualbox-iso"
t=2014-06-05T20:27:47-0500 lvl=eror msg="Unable to find ISO information while looking for the release string on the Ubuntu checksums page."
t=2014-06-05T20:27:47-0500 lvl=info msg="PackerTemplate created from a RawTemplate."
t=2014-06-05T20:27:47-0500 lvl=info msg="Rancher Build complete."
t=2014-06-05T20:27:47-0500 lvl=info msg="Rancher exiting" exitCode=0
t=2014-06-05T20:30:13-0500 lvl=info msg="Rancher starting" args="[./rancher build -distro=ubuntu 1204-amd64-server]"
t=2014-06-05T20:30:13-0500 lvl=info msg="Creating PackerTemplate from a RawTemplate."
t=2014-06-05T20:30:13-0500 lvl=info msg="Creating builder from RawTemplate: virtualbox-iso"
t=2014-06-05T20:30:13-0500 lvl=info msg="Creating builder from RawTemplate: vmware-iso"
t=2014-06-05T20:30:13-0500 lvl=info msg="PackerTemplate created from a RawTemplate."
t=2014-06-05T20:30:13-0500 lvl=info msg="Processing builds: 1204-amd64-server "
t=2014-06-05T20:30:13-0500 lvl=info msg="Creating PackerTemplate from a RawTemplate."
t=2014-06-05T20:30:13-0500 lvl=info msg="Creating builder from RawTemplate: virtualbox-iso"
t=2014-06-05T20:30:13-0500 lvl=eror msg="Unable to find ISO information while looking for the release string on the Ubuntu checksums page."
t=2014-06-05T20:30:13-0500 lvl=info msg="PackerTemplate created from a RawTemplate."
t=2014-06-05T20:30:13-0500 lvl=info msg="Rancher Build complete."
t=2014-06-05T20:30:13-0500 lvl=info msg="Rancher exiting" exitCode=0
t=2014-06-05T20:31:11-0500 lvl=info msg="Rancher starting" args="[./rancher build -distro=ubuntu 1204-amd64-server]"
t=2014-06-05T20:31:11-0500 lvl=info msg="Creating PackerTemplate from a RawTemplate."
t=2014-06-05T20:31:11-0500 lvl=info msg="Creating builder from RawTemplate: virtualbox-iso"
t=2014-06-05T20:31:11-0500 lvl=info msg="Creating builder from RawTemplate: vmware-iso"
t=2014-06-05T20:31:11-0500 lvl=info msg="PackerTemplate created from a RawTemplate."
t=2014-06-05T20:31:11-0500 lvl=info msg="Processing builds: 1204-amd64-server "
t=2014-06-05T20:31:11-0500 lvl=info msg="Creating PackerTemplate from a RawTemplate."
t=2014-06-05T20:31:11-0500 lvl=info msg="Creating builder from RawTemplate: virtualbox-iso"
t=2014-06-05T20:31:12-0500 lvl=info msg="PackerTemplate created from a RawTemplate."
t=2014-06-05T20:31:12-0500 lvl=info msg="Rancher Build complete."
t=2014-06-05T20:31:12-0500 lvl=info msg="Rancher exiting" exitCode=0
t=2014-06-05T20:32:17-0500 lvl=info msg="Rancher starting" args="[./rancher build -distro=ubuntu 1204-amd64-server]"
t=2014-06-05T20:32:17-0500 lvl=info msg="Creating PackerTemplate from a RawTemplate."
t=2014-06-05T20:32:17-0500 lvl=info msg="Creating builder from RawTemplate: virtualbox-iso"
t=2014-06-05T20:32:17-0500 lvl=info msg="Creating builder from RawTemplate: vmware-iso"
t=2014-06-05T20:32:17-0500 lvl=info msg="PackerTemplate created from a RawTemplate."
t=2014-06-05T20:32:17-0500 lvl=info msg="Processing builds: 1204-amd64-server "
t=2014-06-05T20:32:17-0500 lvl=info msg="Creating PackerTemplate from a RawTemplate."
t=2014-06-05T20:32:17-0500 lvl=info msg="Creating builder from RawTemplate: virtualbox-iso"
t=2014-06-05T20:32:17-0500 lvl=info msg="PackerTemplate created from a RawTemplate."
t=2014-06-05T20:32:17-0500 lvl=info msg="Rancher Build complete."
t=2014-06-05T20:32:17-0500 lvl=info msg="Rancher exiting" exitCode=0
t=2014-06-05T20:39:07-0500 lvl=info msg="Rancher starting" args="[./rancher build -distro=ubuntu 1204-amd64-server]"
t=2014-06-05T20:39:07-0500 lvl=info msg="Creating PackerTemplate from a RawTemplate."
t=2014-06-05T20:39:07-0500 lvl=info msg="Creating builder from RawTemplate: virtualbox-iso"
t=2014-06-05T20:39:08-0500 lvl=info msg="Creating builder from RawTemplate: vmware-iso"
t=2014-06-05T20:39:08-0500 lvl=info msg="PackerTemplate created from a RawTemplate."
t=2014-06-05T20:39:08-0500 lvl=info msg="Processing builds: 1204-amd64-server "
t=2014-06-05T20:39:08-0500 lvl=info msg="Creating PackerTemplate from a RawTemplate."
t=2014-06-05T20:39:08-0500 lvl=info msg="Creating builder from RawTemplate: virtualbox-iso"
t=2014-06-05T20:39:08-0500 lvl=info msg="PackerTemplate created from a RawTemplate."
t=2014-06-05T20:39:08-0500 lvl=info msg="Rancher Build complete."
t=2014-06-05T20:39:08-0500 lvl=info msg="Rancher exiting" exitCode=0
t=2014-06-05T21:00:51-0500 lvl=info msg="Rancher starting" args="[./rancher build -distro=ubuntu 1204-amd64-server]"
t=2014-06-05T21:00:51-0500 lvl=info msg="Creating PackerTemplate from a RawTemplate."
t=2014-06-05T21:00:51-0500 lvl=info msg="Creating builder from RawTemplate: virtualbox-iso"
t=2014-06-05T21:00:51-0500 lvl=info msg="Creating builder from RawTemplate: vmware-iso"
t=2014-06-05T21:00:51-0500 lvl=info msg="PackerTemplate created from a RawTemplate."
t=2014-06-05T21:00:51-0500 lvl=info msg="Processing builds: 1204-amd64-server "
t=2014-06-05T21:00:51-0500 lvl=info msg="Creating PackerTemplate from a RawTemplate."
t=2014-06-05T21:00:51-0500 lvl=info msg="Creating builder from RawTemplate: virtualbox-iso"
t=2014-06-05T21:00:51-0500 lvl=info msg="PackerTemplate created from a RawTemplate."
t=2014-06-05T21:00:51-0500 lvl=eror msg="ranchr.TemplateToFileJSON: target Packer template filename not set"
t=2014-06-05T21:00:51-0500 lvl=eror msg="ranchr.TemplateToFileJSON: target Packer template filename not set"
t=2014-06-05T21:00:51-0500 lvl=info msg="Rancher exiting" exitCode=1
t=2014-06-05T21:01:31-0500 lvl=info msg="Rancher starting" args="[./rancher build -distro=ubuntu 1204-amd64-server]"
t=2014-06-05T21:01:31-0500 lvl=info msg="Creating PackerTemplate from a RawTemplate."
t=2014-06-05T21:01:31-0500 lvl=info msg="Creating builder from RawTemplate: virtualbox-iso"
t=2014-06-05T21:01:31-0500 lvl=info msg="Creating builder from RawTemplate: vmware-iso"
t=2014-06-05T21:01:31-0500 lvl=info msg="PackerTemplate created from a RawTemplate."
t=2014-06-05T21:01:31-0500 lvl=info msg="Processing builds: 1204-amd64-server "
t=2014-06-05T21:01:31-0500 lvl=info msg="Creating PackerTemplate from a RawTemplate."
t=2014-06-05T21:01:31-0500 lvl=info msg="Creating builder from RawTemplate: virtualbox-iso"
t=2014-06-05T21:01:31-0500 lvl=info msg="PackerTemplate created from a RawTemplate."
t=2014-06-05T21:01:31-0500 lvl=info msg="Rancher Build complete."
t=2014-06-05T21:01:31-0500 lvl=info msg="Rancher exiting" exitCode=0
t=2014-06-05T23:40:01-0500 lvl=info msg="Rancher starting" args="[./rancher build -distro=ubuntu 1204-amd64-server]"
t=2014-06-05T23:40:01-0500 lvl=info msg="Creating PackerTemplate from a RawTemplate."
t=2014-06-05T23:40:01-0500 lvl=info msg="Creating builder from RawTemplate: virtualbox-iso"
t=2014-06-05T23:40:01-0500 lvl=info msg="Creating builder from RawTemplate: vmware-iso"
t=2014-06-05T23:40:02-0500 lvl=info msg="PackerTemplate created from a RawTemplate."
t=2014-06-05T23:40:02-0500 lvl=info msg="Processing builds: 1204-amd64-server "
t=2014-06-05T23:40:02-0500 lvl=eror msg="Requested distribution, , is not Supported. The Packer template for the requested build could not be created."
t=2014-06-05T23:40:02-0500 lvl=info msg="Rancher Build complete."
t=2014-06-05T23:40:02-0500 lvl=info msg="Rancher exiting" exitCode=0
t=2014-06-05T23:40:57-0500 lvl=info msg="Rancher starting" args="[./rancher build -distro=ubuntu 12.04-amd64-server]"
t=2014-06-05T23:40:57-0500 lvl=info msg="Creating PackerTemplate from a RawTemplate."
t=2014-06-05T23:40:57-0500 lvl=info msg="Creating builder from RawTemplate: virtualbox-iso"
t=2014-06-05T23:40:57-0500 lvl=info msg="Creating builder from RawTemplate: vmware-iso"
t=2014-06-05T23:40:57-0500 lvl=info msg="PackerTemplate created from a RawTemplate."
t=2014-06-05T23:40:57-0500 lvl=info msg="Processing builds: 12.04-amd64-server "
t=2014-06-05T23:40:57-0500 lvl=eror msg="Unable to create template for the requested build, 12.04-amd64-server. Requested Build definition was not found."
t=2014-06-05T23:40:57-0500 lvl=info msg="Rancher Build complete."
t=2014-06-05T23:40:57-0500 lvl=info msg="Rancher exiting" exitCode=0
t=2014-06-05T23:43:42-0500 lvl=info msg="Rancher starting" args="[./rancher build -distro=ubuntu 12.04-amd64-server]"
t=2014-06-05T23:43:42-0500 lvl=info msg="Creating PackerTemplate from a RawTemplate."
t=2014-06-05T23:43:42-0500 lvl=info msg="Creating builder from RawTemplate: virtualbox-iso"
t=2014-06-05T23:43:42-0500 lvl=info msg="Creating builder from RawTemplate: vmware-iso"
t=2014-06-05T23:43:42-0500 lvl=info msg="PackerTemplate created from a RawTemplate."
t=2014-06-05T23:43:42-0500 lvl=info msg="Processing builds: 12.04-amd64-server "
t=2014-06-05T23:43:42-0500 lvl=eror msg="Unable to create template for the requested build, 12.04-amd64-server. Requested Build definition was not found."
t=2014-06-05T23:43:42-0500 lvl=info msg="Rancher Build complete."
t=2014-06-05T23:43:42-0500 lvl=info msg="Rancher exiting" exitCode=0
