t=2014-06-06T21:41:11-0500 lvl=info msg="Rancher starting" args="[./rancher build -distro=ubuntu -arch=i386 1204-amd64-server]"
t=2014-06-06T21:41:11-0500 lvl=info msg="Creating PackerTemplate from a RawTemplate."
t=2014-06-06T21:41:11-0500 lvl=info msg="Creating builder from RawTemplate: virtualbox-iso"
t=2014-06-06T21:41:12-0500 lvl=info msg="Creating builder from RawTemplate: vmware-iso"
t=2014-06-06T21:41:12-0500 lvl=info msg="PackerTemplate created from a RawTemplate."
t=2014-06-06T21:41:12-0500 lvl=info msg="0 Bytes were copied from src/ubuntu//scripts/setup.sh to out/ubuntu/2014-06-06/ubuntu-12.04-i386-server-rancher/scripts/setup.sh"
t=2014-06-06T21:41:12-0500 lvl=info msg="0 Bytes were copied from src/ubuntu//scripts/base.sh to out/ubuntu/2014-06-06/ubuntu-12.04-i386-server-rancher/scripts/base.sh"
t=2014-06-06T21:41:12-0500 lvl=info msg="0 Bytes were copied from src/ubuntu//scripts/vagrant.sh to out/ubuntu/2014-06-06/ubuntu-12.04-i386-server-rancher/scripts/vagrant.sh"
t=2014-06-06T21:41:12-0500 lvl=info msg="0 Bytes were copied from src/ubuntu//scripts/cleanup.sh to out/ubuntu/2014-06-06/ubuntu-12.04-i386-server-rancher/scripts/cleanup.sh"
t=2014-06-06T21:41:12-0500 lvl=info msg="0 Bytes were copied from src/ubuntu//scripts/zerodisk.sh to out/ubuntu/2014-06-06/ubuntu-12.04-i386-server-rancher/scripts/zerodisk.sh"
t=2014-06-06T21:41:12-0500 lvl=info msg="5 scripts were successfully copied."
t=2014-06-06T21:41:12-0500 lvl=info msg="Processing builds: 1204-amd64-server "
t=2014-06-06T21:41:12-0500 lvl=info msg="Creating PackerTemplate from a RawTemplate."
t=2014-06-06T21:41:12-0500 lvl=info msg="Creating builder from RawTemplate: virtualbox-iso"
t=2014-06-06T21:41:12-0500 lvl=info msg="PackerTemplate created from a RawTemplate."
t=2014-06-06T21:41:12-0500 lvl=info msg="0 Bytes were copied from src/ubuntu//scripts/setup.sh to out/ubuntu/2014-06-06/1204-amd64-server/scripts/setup.sh"
t=2014-06-06T21:41:12-0500 lvl=info msg="0 Bytes were copied from src/ubuntu//scripts/base.sh to out/ubuntu/2014-06-06/1204-amd64-server/scripts/base.sh"
t=2014-06-06T21:41:12-0500 lvl=info msg="0 Bytes were copied from src/ubuntu//scripts/vagrant.sh to out/ubuntu/2014-06-06/1204-amd64-server/scripts/vagrant.sh"
t=2014-06-06T21:41:12-0500 lvl=info msg="0 Bytes were copied from src/ubuntu//scripts/cleanup.sh to out/ubuntu/2014-06-06/1204-amd64-server/scripts/cleanup.sh"
t=2014-06-06T21:41:12-0500 lvl=info msg="0 Bytes were copied from src/ubuntu//scripts/zerodisk.sh to out/ubuntu/2014-06-06/1204-amd64-server/scripts/zerodisk.sh"
t=2014-06-06T21:41:12-0500 lvl=info msg="5 scripts were successfully copied."
t=2014-06-06T21:41:12-0500 lvl=info msg="Rancher Build complete."
t=2014-06-06T21:41:12-0500 lvl=info msg="Rancher exiting" exitCode=0
t=2014-06-06T22:18:32-0500 lvl=info msg="Rancher starting" args="[./rancher build -distro=ubuntu -arch=i386 1204-amd64-server]"
t=2014-06-06T22:18:32-0500 lvl=info msg="Creating PackerTemplate from a RawTemplate."
t=2014-06-06T22:18:32-0500 lvl=info msg="Creating builder from RawTemplate: virtualbox-iso"
t=2014-06-06T22:18:33-0500 lvl=info msg="Creating builder from RawTemplate: vmware-iso"
t=2014-06-06T22:18:33-0500 lvl=info msg="PackerTemplate created from a RawTemplate."
t=2014-06-06T22:18:33-0500 lvl=info msg="0 Bytes were copied from src/ubuntu//scripts/setup.sh to out/ubuntu/2014-06-06/ubuntu-12.04-i386-server-rancher/scripts/setup.sh"
t=2014-06-06T22:18:33-0500 lvl=info msg="0 Bytes were copied from src/ubuntu//scripts/base.sh to out/ubuntu/2014-06-06/ubuntu-12.04-i386-server-rancher/scripts/base.sh"
t=2014-06-06T22:18:33-0500 lvl=info msg="0 Bytes were copied from src/ubuntu//scripts/vagrant.sh to out/ubuntu/2014-06-06/ubuntu-12.04-i386-server-rancher/scripts/vagrant.sh"
t=2014-06-06T22:18:33-0500 lvl=info msg="0 Bytes were copied from src/ubuntu//scripts/cleanup.sh to out/ubuntu/2014-06-06/ubuntu-12.04-i386-server-rancher/scripts/cleanup.sh"
t=2014-06-06T22:18:33-0500 lvl=info msg="0 Bytes were copied from src/ubuntu//scripts/zerodisk.sh to out/ubuntu/2014-06-06/ubuntu-12.04-i386-server-rancher/scripts/zerodisk.sh"
t=2014-06-06T22:18:33-0500 lvl=info msg="5 scripts were successfully copied."
t=2014-06-06T22:18:33-0500 lvl=info msg="Processing builds: 1204-amd64-server "
t=2014-06-06T22:18:33-0500 lvl=info msg="Creating PackerTemplate from a RawTemplate."
t=2014-06-06T22:18:33-0500 lvl=info msg="Creating builder from RawTemplate: virtualbox-iso"
t=2014-06-06T22:18:33-0500 lvl=info msg="PackerTemplate created from a RawTemplate."
t=2014-06-06T22:18:33-0500 lvl=info msg="0 Bytes were copied from src/ubuntu//scripts/setup.sh to out/ubuntu/2014-06-06/1204-amd64-server/scripts/setup.sh"
t=2014-06-06T22:18:33-0500 lvl=info msg="0 Bytes were copied from src/ubuntu//scripts/base.sh to out/ubuntu/2014-06-06/1204-amd64-server/scripts/base.sh"
t=2014-06-06T22:18:33-0500 lvl=info msg="0 Bytes were copied from src/ubuntu//scripts/vagrant.sh to out/ubuntu/2014-06-06/1204-amd64-server/scripts/vagrant.sh"
t=2014-06-06T22:18:33-0500 lvl=info msg="0 Bytes were copied from src/ubuntu//scripts/cleanup.sh to out/ubuntu/2014-06-06/1204-amd64-server/scripts/cleanup.sh"
t=2014-06-06T22:18:33-0500 lvl=info msg="0 Bytes were copied from src/ubuntu//scripts/zerodisk.sh to out/ubuntu/2014-06-06/1204-amd64-server/scripts/zerodisk.sh"
t=2014-06-06T22:18:33-0500 lvl=info msg="5 scripts were successfully copied."
t=2014-06-06T22:18:33-0500 lvl=info msg="Rancher Build complete."
t=2014-06-06T22:18:33-0500 lvl=info msg="Rancher exiting" exitCode=0
t=2014-06-06T22:19:21-0500 lvl=info msg="Rancher starting" args="[./rancher build -distro=ubuntu -arch=i386 1204-amd64-server]"
t=2014-06-06T22:19:21-0500 lvl=info msg="Creating PackerTemplate from a RawTemplate."
t=2014-06-06T22:19:21-0500 lvl=info msg="Creating builder from RawTemplate: virtualbox-iso"
t=2014-06-06T22:19:26-0500 lvl=info msg="Creating builder from RawTemplate: vmware-iso"
t=2014-06-06T22:19:26-0500 lvl=info msg="PackerTemplate created from a RawTemplate."
t=2014-06-06T22:19:26-0500 lvl=info msg="0 Bytes were copied from src/ubuntu//scripts/setup.sh to out/ubuntu/2014-06-06/ubuntu-12.04-i386-server-rancher/scripts/setup.sh"
t=2014-06-06T22:19:26-0500 lvl=info msg="0 Bytes were copied from src/ubuntu//scripts/base.sh to out/ubuntu/2014-06-06/ubuntu-12.04-i386-server-rancher/scripts/base.sh"
t=2014-06-06T22:19:26-0500 lvl=info msg="0 Bytes were copied from src/ubuntu//scripts/vagrant.sh to out/ubuntu/2014-06-06/ubuntu-12.04-i386-server-rancher/scripts/vagrant.sh"
t=2014-06-06T22:19:26-0500 lvl=info msg="0 Bytes were copied from src/ubuntu//scripts/cleanup.sh to out/ubuntu/2014-06-06/ubuntu-12.04-i386-server-rancher/scripts/cleanup.sh"
t=2014-06-06T22:19:26-0500 lvl=info msg="0 Bytes were copied from src/ubuntu//scripts/zerodisk.sh to out/ubuntu/2014-06-06/ubuntu-12.04-i386-server-rancher/scripts/zerodisk.sh"
t=2014-06-06T22:19:26-0500 lvl=info msg="5 scripts were successfully copied."
t=2014-06-06T22:19:26-0500 lvl=info msg="Processing builds: 1204-amd64-server "
t=2014-06-06T22:19:26-0500 lvl=info msg="Creating PackerTemplate from a RawTemplate."
t=2014-06-06T22:19:26-0500 lvl=info msg="Creating builder from RawTemplate: virtualbox-iso"
t=2014-06-06T22:19:26-0500 lvl=info msg="PackerTemplate created from a RawTemplate."
t=2014-06-06T22:19:26-0500 lvl=info msg="0 Bytes were copied from src/ubuntu//scripts/setup.sh to out/ubuntu/2014-06-06/1204-amd64-server/scripts/setup.sh"
t=2014-06-06T22:19:26-0500 lvl=info msg="0 Bytes were copied from src/ubuntu//scripts/base.sh to out/ubuntu/2014-06-06/1204-amd64-server/scripts/base.sh"
t=2014-06-06T22:19:26-0500 lvl=info msg="0 Bytes were copied from src/ubuntu//scripts/vagrant.sh to out/ubuntu/2014-06-06/1204-amd64-server/scripts/vagrant.sh"
t=2014-06-06T22:19:26-0500 lvl=info msg="0 Bytes were copied from src/ubuntu//scripts/cleanup.sh to out/ubuntu/2014-06-06/1204-amd64-server/scripts/cleanup.sh"
t=2014-06-06T22:19:26-0500 lvl=info msg="0 Bytes were copied from src/ubuntu//scripts/zerodisk.sh to out/ubuntu/2014-06-06/1204-amd64-server/scripts/zerodisk.sh"
t=2014-06-06T22:19:26-0500 lvl=info msg="5 scripts were successfully copied."
t=2014-06-06T22:19:26-0500 lvl=info msg="Rancher Build complete."
t=2014-06-06T22:19:26-0500 lvl=info msg="Rancher exiting" exitCode=0
t=2014-06-06T22:31:19-0500 lvl=info msg="Rancher starting" args="[./rancher build -distro=ubuntu -arch=i386 1204-amd64-server]"
t=2014-06-06T22:31:19-0500 lvl=info msg="Creating PackerTemplate from a RawTemplate."
t=2014-06-06T22:31:19-0500 lvl=info msg="Creating builder from RawTemplate: virtualbox-iso"
t=2014-06-06T22:31:20-0500 lvl=info msg="Creating builder from RawTemplate: vmware-iso"
t=2014-06-06T22:31:20-0500 lvl=info msg="PackerTemplate created from a RawTemplate."
t=2014-06-06T22:31:20-0500 lvl=info msg="0 Bytes were copied from src/ubuntu//scripts/setup.sh to out/ubuntu/2014-06-06/ubuntu-12.04-i386-server-rancher/scripts/setup.sh"
t=2014-06-06T22:31:20-0500 lvl=info msg="0 Bytes were copied from src/ubuntu//scripts/base.sh to out/ubuntu/2014-06-06/ubuntu-12.04-i386-server-rancher/scripts/base.sh"
t=2014-06-06T22:31:20-0500 lvl=info msg="0 Bytes were copied from src/ubuntu//scripts/vagrant.sh to out/ubuntu/2014-06-06/ubuntu-12.04-i386-server-rancher/scripts/vagrant.sh"
t=2014-06-06T22:31:20-0500 lvl=info msg="0 Bytes were copied from src/ubuntu//scripts/cleanup.sh to out/ubuntu/2014-06-06/ubuntu-12.04-i386-server-rancher/scripts/cleanup.sh"
t=2014-06-06T22:31:20-0500 lvl=info msg="0 Bytes were copied from src/ubuntu//scripts/zerodisk.sh to out/ubuntu/2014-06-06/ubuntu-12.04-i386-server-rancher/scripts/zerodisk.sh"
t=2014-06-06T22:31:20-0500 lvl=info msg="5 scripts were successfully copied."
t=2014-06-06T22:31:20-0500 lvl=info msg="Processing builds: 1204-amd64-server "
t=2014-06-06T22:31:20-0500 lvl=info msg="Creating PackerTemplate from a RawTemplate."
t=2014-06-06T22:31:20-0500 lvl=info msg="Creating builder from RawTemplate: virtualbox-iso"
t=2014-06-06T22:31:20-0500 lvl=info msg="PackerTemplate created from a RawTemplate."
t=2014-06-06T22:31:20-0500 lvl=info msg="0 Bytes were copied from src/ubuntu//scripts/setup.sh to out/ubuntu/2014-06-06/1204-amd64-server/scripts/setup.sh"
t=2014-06-06T22:31:20-0500 lvl=info msg="0 Bytes were copied from src/ubuntu//scripts/base.sh to out/ubuntu/2014-06-06/1204-amd64-server/scripts/base.sh"
t=2014-06-06T22:31:20-0500 lvl=info msg="0 Bytes were copied from src/ubuntu//scripts/vagrant.sh to out/ubuntu/2014-06-06/1204-amd64-server/scripts/vagrant.sh"
t=2014-06-06T22:31:20-0500 lvl=info msg="0 Bytes were copied from src/ubuntu//scripts/cleanup.sh to out/ubuntu/2014-06-06/1204-amd64-server/scripts/cleanup.sh"
t=2014-06-06T22:31:20-0500 lvl=info msg="0 Bytes were copied from src/ubuntu//scripts/zerodisk.sh to out/ubuntu/2014-06-06/1204-amd64-server/scripts/zerodisk.sh"
t=2014-06-06T22:31:20-0500 lvl=info msg="5 scripts were successfully copied."
t=2014-06-06T22:31:20-0500 lvl=info msg="Rancher Build complete."
t=2014-06-06T22:31:20-0500 lvl=info msg="Rancher exiting" exitCode=0
t=2014-06-06T22:34:33-0500 lvl=info msg="Rancher starting" args="[./rancher build -distro=ubuntu -arch=i386 1204-amd64-server]"
t=2014-06-06T22:34:33-0500 lvl=info msg="Creating PackerTemplate from a RawTemplate."
t=2014-06-06T22:34:33-0500 lvl=info msg="Creating builder from RawTemplate: virtualbox-iso"
t=2014-06-06T22:34:34-0500 lvl=info msg="Creating builder from RawTemplate: vmware-iso"
t=2014-06-06T22:34:34-0500 lvl=info msg="PackerTemplate created from a RawTemplate."
t=2014-06-06T22:34:34-0500 lvl=info msg="0 Bytes were copied from src/ubuntu//scripts/setup.sh to out/ubuntu/2014-06-06/ubuntu-12.04-i386-server-rancher/scripts/setup.sh"
t=2014-06-06T22:34:34-0500 lvl=info msg="0 Bytes were copied from src/ubuntu//scripts/base.sh to out/ubuntu/2014-06-06/ubuntu-12.04-i386-server-rancher/scripts/base.sh"
t=2014-06-06T22:34:34-0500 lvl=info msg="0 Bytes were copied from src/ubuntu//scripts/vagrant.sh to out/ubuntu/2014-06-06/ubuntu-12.04-i386-server-rancher/scripts/vagrant.sh"
t=2014-06-06T22:34:34-0500 lvl=info msg="0 Bytes were copied from src/ubuntu//scripts/cleanup.sh to out/ubuntu/2014-06-06/ubuntu-12.04-i386-server-rancher/scripts/cleanup.sh"
t=2014-06-06T22:34:34-0500 lvl=info msg="0 Bytes were copied from src/ubuntu//scripts/zerodisk.sh to out/ubuntu/2014-06-06/ubuntu-12.04-i386-server-rancher/scripts/zerodisk.sh"
t=2014-06-06T22:34:34-0500 lvl=info msg="5 scripts were successfully copied."
t=2014-06-06T22:34:34-0500 lvl=info msg="Processing builds: 1204-amd64-server "
t=2014-06-06T22:34:34-0500 lvl=info msg="Creating PackerTemplate from a RawTemplate."
t=2014-06-06T22:34:34-0500 lvl=info msg="Creating builder from RawTemplate: virtualbox-iso"
t=2014-06-06T22:34:34-0500 lvl=info msg="PackerTemplate created from a RawTemplate."
t=2014-06-06T22:34:34-0500 lvl=info msg="0 Bytes were copied from src/ubuntu//scripts/setup.sh to out/ubuntu/2014-06-06/1204-amd64-server/scripts/setup.sh"
t=2014-06-06T22:34:34-0500 lvl=info msg="0 Bytes were copied from src/ubuntu//scripts/base.sh to out/ubuntu/2014-06-06/1204-amd64-server/scripts/base.sh"
t=2014-06-06T22:34:34-0500 lvl=info msg="0 Bytes were copied from src/ubuntu//scripts/vagrant.sh to out/ubuntu/2014-06-06/1204-amd64-server/scripts/vagrant.sh"
t=2014-06-06T22:34:34-0500 lvl=info msg="0 Bytes were copied from src/ubuntu//scripts/cleanup.sh to out/ubuntu/2014-06-06/1204-amd64-server/scripts/cleanup.sh"
t=2014-06-06T22:34:34-0500 lvl=info msg="0 Bytes were copied from src/ubuntu//scripts/zerodisk.sh to out/ubuntu/2014-06-06/1204-amd64-server/scripts/zerodisk.sh"
t=2014-06-06T22:34:34-0500 lvl=info msg="5 scripts were successfully copied."
t=2014-06-06T22:34:34-0500 lvl=info msg="Rancher Build complete."
t=2014-06-06T22:34:34-0500 lvl=info msg="Rancher exiting" exitCode=0
t=2014-06-06T22:35:30-0500 lvl=info msg="Rancher starting" args="[./rancher build -distro=ubuntu -arch=i386 1204-amd64-server]"
t=2014-06-06T22:35:30-0500 lvl=info msg="Creating PackerTemplate from a RawTemplate."
t=2014-06-06T22:35:30-0500 lvl=info msg="Creating builder from RawTemplate: virtualbox-iso"
t=2014-06-06T22:35:30-0500 lvl=info msg="Creating builder from RawTemplate: vmware-iso"
t=2014-06-06T22:35:30-0500 lvl=info msg="PackerTemplate created from a RawTemplate."
t=2014-06-06T22:35:30-0500 lvl=info msg="0 Bytes were copied from src/ubuntu//scripts/setup.sh to out/ubuntu/2014-06-06/ubuntu-12.04-i386-server-rancher/scripts/setup.sh"
t=2014-06-06T22:35:30-0500 lvl=info msg="0 Bytes were copied from src/ubuntu//scripts/base.sh to out/ubuntu/2014-06-06/ubuntu-12.04-i386-server-rancher/scripts/base.sh"
t=2014-06-06T22:35:30-0500 lvl=info msg="0 Bytes were copied from src/ubuntu//scripts/vagrant.sh to out/ubuntu/2014-06-06/ubuntu-12.04-i386-server-rancher/scripts/vagrant.sh"
t=2014-06-06T22:35:30-0500 lvl=info msg="0 Bytes were copied from src/ubuntu//scripts/cleanup.sh to out/ubuntu/2014-06-06/ubuntu-12.04-i386-server-rancher/scripts/cleanup.sh"
t=2014-06-06T22:35:30-0500 lvl=info msg="0 Bytes were copied from src/ubuntu//scripts/zerodisk.sh to out/ubuntu/2014-06-06/ubuntu-12.04-i386-server-rancher/scripts/zerodisk.sh"
t=2014-06-06T22:35:30-0500 lvl=info msg="5 scripts were successfully copied."
t=2014-06-06T22:35:30-0500 lvl=info msg="Processing builds: 1204-amd64-server "
t=2014-06-06T22:35:30-0500 lvl=info msg="Creating PackerTemplate from a RawTemplate."
t=2014-06-06T22:35:30-0500 lvl=info msg="Creating builder from RawTemplate: virtualbox-iso"
t=2014-06-06T22:35:30-0500 lvl=info msg="PackerTemplate created from a RawTemplate."
t=2014-06-06T22:35:30-0500 lvl=info msg="0 Bytes were copied from src/ubuntu//scripts/setup.sh to out/ubuntu/2014-06-06/1204-amd64-server/scripts/setup.sh"
t=2014-06-06T22:35:30-0500 lvl=info msg="0 Bytes were copied from src/ubuntu//scripts/base.sh to out/ubuntu/2014-06-06/1204-amd64-server/scripts/base.sh"
t=2014-06-06T22:35:30-0500 lvl=info msg="0 Bytes were copied from src/ubuntu//scripts/vagrant.sh to out/ubuntu/2014-06-06/1204-amd64-server/scripts/vagrant.sh"
t=2014-06-06T22:35:30-0500 lvl=info msg="0 Bytes were copied from src/ubuntu//scripts/cleanup.sh to out/ubuntu/2014-06-06/1204-amd64-server/scripts/cleanup.sh"
t=2014-06-06T22:35:30-0500 lvl=info msg="0 Bytes were copied from src/ubuntu//scripts/zerodisk.sh to out/ubuntu/2014-06-06/1204-amd64-server/scripts/zerodisk.sh"
t=2014-06-06T22:35:30-0500 lvl=info msg="5 scripts were successfully copied."
t=2014-06-06T22:35:30-0500 lvl=info msg="Rancher Build complete."
t=2014-06-06T22:35:30-0500 lvl=info msg="Rancher exiting" exitCode=0
t=2014-06-06T22:35:58-0500 lvl=info msg="Rancher starting" args="[./rancher build -distro=ubuntu -arch=i386 1204-amd64-server]"
t=2014-06-06T22:35:58-0500 lvl=info msg="Creating PackerTemplate from a RawTemplate."
t=2014-06-06T22:35:58-0500 lvl=info msg="Creating builder from RawTemplate: virtualbox-iso"
t=2014-06-06T22:35:58-0500 lvl=info msg="Creating builder from RawTemplate: vmware-iso"
t=2014-06-06T22:35:58-0500 lvl=info msg="PackerTemplate created from a RawTemplate."
t=2014-06-06T22:35:58-0500 lvl=info msg="0 Bytes were copied from src/ubuntu//scripts/setup.sh to out/ubuntu/2014-06-06/ubuntu-12.04-i386-server-rancher/scripts/setup.sh"
t=2014-06-06T22:35:58-0500 lvl=info msg="0 Bytes were copied from src/ubuntu//scripts/base.sh to out/ubuntu/2014-06-06/ubuntu-12.04-i386-server-rancher/scripts/base.sh"
t=2014-06-06T22:35:58-0500 lvl=info msg="0 Bytes were copied from src/ubuntu//scripts/vagrant.sh to out/ubuntu/2014-06-06/ubuntu-12.04-i386-server-rancher/scripts/vagrant.sh"
t=2014-06-06T22:35:58-0500 lvl=info msg="0 Bytes were copied from src/ubuntu//scripts/cleanup.sh to out/ubuntu/2014-06-06/ubuntu-12.04-i386-server-rancher/scripts/cleanup.sh"
t=2014-06-06T22:35:58-0500 lvl=info msg="0 Bytes were copied from src/ubuntu//scripts/zerodisk.sh to out/ubuntu/2014-06-06/ubuntu-12.04-i386-server-rancher/scripts/zerodisk.sh"
t=2014-06-06T22:35:58-0500 lvl=info msg="5 scripts were successfully copied."
t=2014-06-06T22:35:58-0500 lvl=info msg="Processing builds: 1204-amd64-server "
t=2014-06-06T22:35:58-0500 lvl=info msg="Creating PackerTemplate from a RawTemplate."
t=2014-06-06T22:35:58-0500 lvl=info msg="Creating builder from RawTemplate: virtualbox-iso"
t=2014-06-06T22:35:58-0500 lvl=info msg="PackerTemplate created from a RawTemplate."
t=2014-06-06T22:35:58-0500 lvl=info msg="0 Bytes were copied from src/ubuntu//scripts/setup.sh to out/ubuntu/2014-06-06/1204-amd64-server/scripts/setup.sh"
t=2014-06-06T22:35:58-0500 lvl=info msg="0 Bytes were copied from src/ubuntu//scripts/base.sh to out/ubuntu/2014-06-06/1204-amd64-server/scripts/base.sh"
t=2014-06-06T22:35:58-0500 lvl=info msg="0 Bytes were copied from src/ubuntu//scripts/vagrant.sh to out/ubuntu/2014-06-06/1204-amd64-server/scripts/vagrant.sh"
t=2014-06-06T22:35:58-0500 lvl=info msg="0 Bytes were copied from src/ubuntu//scripts/cleanup.sh to out/ubuntu/2014-06-06/1204-amd64-server/scripts/cleanup.sh"
t=2014-06-06T22:35:58-0500 lvl=info msg="0 Bytes were copied from src/ubuntu//scripts/zerodisk.sh to out/ubuntu/2014-06-06/1204-amd64-server/scripts/zerodisk.sh"
t=2014-06-06T22:35:58-0500 lvl=info msg="5 scripts were successfully copied."
t=2014-06-06T22:35:58-0500 lvl=info msg="Rancher Build complete."
t=2014-06-06T22:35:58-0500 lvl=info msg="Rancher exiting" exitCode=0
t=2014-06-06T22:37:11-0500 lvl=info msg="Rancher starting" args="[./rancher build -distro=ubuntu -arch=i386 1204-amd64-server]"
t=2014-06-06T22:37:11-0500 lvl=info msg="Creating PackerTemplate from a RawTemplate."
t=2014-06-06T22:37:11-0500 lvl=info msg="Creating builder from RawTemplate: virtualbox-iso"
t=2014-06-06T22:37:12-0500 lvl=info msg="Creating builder from RawTemplate: vmware-iso"
t=2014-06-06T22:37:12-0500 lvl=info msg="PackerTemplate created from a RawTemplate."
t=2014-06-06T22:37:12-0500 lvl=info msg="0 Bytes were copied from src/ubuntu//scripts/setup.sh to out/ubuntu/2014-06-06/ubuntu-12.04-i386-server-rancher/scripts/setup.sh"
t=2014-06-06T22:37:12-0500 lvl=info msg="0 Bytes were copied from src/ubuntu//scripts/base.sh to out/ubuntu/2014-06-06/ubuntu-12.04-i386-server-rancher/scripts/base.sh"
t=2014-06-06T22:37:12-0500 lvl=info msg="0 Bytes were copied from src/ubuntu//scripts/vagrant.sh to out/ubuntu/2014-06-06/ubuntu-12.04-i386-server-rancher/scripts/vagrant.sh"
t=2014-06-06T22:37:12-0500 lvl=info msg="0 Bytes were copied from src/ubuntu//scripts/cleanup.sh to out/ubuntu/2014-06-06/ubuntu-12.04-i386-server-rancher/scripts/cleanup.sh"
t=2014-06-06T22:37:12-0500 lvl=info msg="0 Bytes were copied from src/ubuntu//scripts/zerodisk.sh to out/ubuntu/2014-06-06/ubuntu-12.04-i386-server-rancher/scripts/zerodisk.sh"
t=2014-06-06T22:37:12-0500 lvl=info msg="5 scripts were successfully copied."
t=2014-06-06T22:37:12-0500 lvl=info msg="Processing builds: 1204-amd64-server "
t=2014-06-06T22:37:12-0500 lvl=info msg="Creating PackerTemplate from a RawTemplate."
t=2014-06-06T22:37:12-0500 lvl=info msg="Creating builder from RawTemplate: virtualbox-iso"
t=2014-06-06T22:37:12-0500 lvl=info msg="PackerTemplate created from a RawTemplate."
t=2014-06-06T22:37:12-0500 lvl=info msg="0 Bytes were copied from src/ubuntu//scripts/setup.sh to out/ubuntu/2014-06-06/1204-amd64-server/scripts/setup.sh"
t=2014-06-06T22:37:12-0500 lvl=info msg="0 Bytes were copied from src/ubuntu//scripts/base.sh to out/ubuntu/2014-06-06/1204-amd64-server/scripts/base.sh"
t=2014-06-06T22:37:12-0500 lvl=info msg="0 Bytes were copied from src/ubuntu//scripts/vagrant.sh to out/ubuntu/2014-06-06/1204-amd64-server/scripts/vagrant.sh"
t=2014-06-06T22:37:12-0500 lvl=info msg="0 Bytes were copied from src/ubuntu//scripts/cleanup.sh to out/ubuntu/2014-06-06/1204-amd64-server/scripts/cleanup.sh"
t=2014-06-06T22:37:12-0500 lvl=info msg="0 Bytes were copied from src/ubuntu//scripts/zerodisk.sh to out/ubuntu/2014-06-06/1204-amd64-server/scripts/zerodisk.sh"
t=2014-06-06T22:37:12-0500 lvl=info msg="5 scripts were successfully copied."
t=2014-06-06T22:37:12-0500 lvl=info msg="Rancher Build complete."
t=2014-06-06T22:37:12-0500 lvl=info msg="Rancher exiting" exitCode=0
t=2014-06-06T23:08:34-0500 lvl=info msg="Rancher starting" args="[./rancher build -distro=ubuntu -arch=i386 1204-amd64-server]"
t=2014-06-06T23:08:34-0500 lvl=info msg="Creating PackerTemplate from a RawTemplate."
t=2014-06-06T23:08:34-0500 lvl=info msg="Creating builder from RawTemplate: virtualbox-iso"
t=2014-06-06T23:08:35-0500 lvl=info msg="Creating builder from RawTemplate: vmware-iso"
t=2014-06-06T23:08:35-0500 lvl=info msg="PackerTemplate created from a RawTemplate."
t=2014-06-06T23:08:35-0500 lvl=info msg="0 Bytes were copied from src/ubuntu//scripts/setup.sh to out/ubuntu/2014-06-06/ubuntu-12.04-i386-server-rancher/scripts/setup.sh"
t=2014-06-06T23:08:35-0500 lvl=info msg="0 Bytes were copied from src/ubuntu//scripts/base.sh to out/ubuntu/2014-06-06/ubuntu-12.04-i386-server-rancher/scripts/base.sh"
t=2014-06-06T23:08:35-0500 lvl=info msg="0 Bytes were copied from src/ubuntu//scripts/vagrant.sh to out/ubuntu/2014-06-06/ubuntu-12.04-i386-server-rancher/scripts/vagrant.sh"
t=2014-06-06T23:08:35-0500 lvl=info msg="0 Bytes were copied from src/ubuntu//scripts/cleanup.sh to out/ubuntu/2014-06-06/ubuntu-12.04-i386-server-rancher/scripts/cleanup.sh"
t=2014-06-06T23:08:35-0500 lvl=info msg="0 Bytes were copied from src/ubuntu//scripts/zerodisk.sh to out/ubuntu/2014-06-06/ubuntu-12.04-i386-server-rancher/scripts/zerodisk.sh"
t=2014-06-06T23:08:35-0500 lvl=info msg="5 scripts were successfully copied."
t=2014-06-06T23:08:35-0500 lvl=info msg="Processing builds: 1204-amd64-server "
t=2014-06-06T23:08:35-0500 lvl=info msg="Creating PackerTemplate from a RawTemplate."
t=2014-06-06T23:08:35-0500 lvl=info msg="Creating builder from RawTemplate: virtualbox-iso"
t=2014-06-06T23:08:35-0500 lvl=info msg="PackerTemplate created from a RawTemplate."
t=2014-06-06T23:08:35-0500 lvl=info msg="0 Bytes were copied from src/ubuntu//scripts/setup.sh to out/ubuntu/2014-06-06/1204-amd64-server/scripts/setup.sh"
t=2014-06-06T23:08:35-0500 lvl=info msg="0 Bytes were copied from src/ubuntu//scripts/base.sh to out/ubuntu/2014-06-06/1204-amd64-server/scripts/base.sh"
t=2014-06-06T23:08:35-0500 lvl=info msg="0 Bytes were copied from src/ubuntu//scripts/vagrant.sh to out/ubuntu/2014-06-06/1204-amd64-server/scripts/vagrant.sh"
t=2014-06-06T23:08:35-0500 lvl=info msg="0 Bytes were copied from src/ubuntu//scripts/cleanup.sh to out/ubuntu/2014-06-06/1204-amd64-server/scripts/cleanup.sh"
t=2014-06-06T23:08:35-0500 lvl=info msg="0 Bytes were copied from src/ubuntu//scripts/zerodisk.sh to out/ubuntu/2014-06-06/1204-amd64-server/scripts/zerodisk.sh"
t=2014-06-06T23:08:35-0500 lvl=info msg="5 scripts were successfully copied."
t=2014-06-06T23:08:35-0500 lvl=info msg="Rancher Build complete."
t=2014-06-06T23:08:35-0500 lvl=info msg="Rancher exiting" exitCode=0
t=2014-06-06T23:14:59-0500 lvl=info msg="Rancher starting" args="[./rancher build -distro=ubuntu -arch=i386 1204-amd64-server]"
t=2014-06-06T23:14:59-0500 lvl=info msg="Creating PackerTemplate from a RawTemplate."
t=2014-06-06T23:14:59-0500 lvl=info msg="Creating builder from RawTemplate: virtualbox-iso"
t=2014-06-06T23:15:00-0500 lvl=info msg="Creating builder from RawTemplate: vmware-iso"
t=2014-06-06T23:15:00-0500 lvl=info msg="PackerTemplate created from a RawTemplate."
t=2014-06-06T23:15:00-0500 lvl=info msg="0 Bytes were copied from src/ubuntu//scripts/setup.sh to out/ubuntu/2014-06-06/ubuntu-12.04-i386-server-rancher/setup.sh"
t=2014-06-06T23:15:00-0500 lvl=info msg="0 Bytes were copied from src/ubuntu//scripts/base.sh to out/ubuntu/2014-06-06/ubuntu-12.04-i386-server-rancher/base.sh"
t=2014-06-06T23:15:00-0500 lvl=info msg="0 Bytes were copied from src/ubuntu//scripts/vagrant.sh to out/ubuntu/2014-06-06/ubuntu-12.04-i386-server-rancher/vagrant.sh"
t=2014-06-06T23:15:00-0500 lvl=info msg="0 Bytes were copied from src/ubuntu//scripts/cleanup.sh to out/ubuntu/2014-06-06/ubuntu-12.04-i386-server-rancher/cleanup.sh"
t=2014-06-06T23:15:00-0500 lvl=info msg="0 Bytes were copied from src/ubuntu//scripts/zerodisk.sh to out/ubuntu/2014-06-06/ubuntu-12.04-i386-server-rancher/zerodisk.sh"
t=2014-06-06T23:15:00-0500 lvl=info msg="5 scripts were successfully copied."
t=2014-06-06T23:15:00-0500 lvl=info msg="Processing builds: 1204-amd64-server "
t=2014-06-06T23:15:00-0500 lvl=info msg="Creating PackerTemplate from a RawTemplate."
t=2014-06-06T23:15:00-0500 lvl=info msg="Creating builder from RawTemplate: virtualbox-iso"
t=2014-06-06T23:15:00-0500 lvl=info msg="PackerTemplate created from a RawTemplate."
t=2014-06-06T23:15:00-0500 lvl=info msg="0 Bytes were copied from src/ubuntu//scripts/setup.sh to out/ubuntu/2014-06-06/1204-amd64-server/setup.sh"
t=2014-06-06T23:15:00-0500 lvl=info msg="0 Bytes were copied from src/ubuntu//scripts/base.sh to out/ubuntu/2014-06-06/1204-amd64-server/base.sh"
t=2014-06-06T23:15:00-0500 lvl=info msg="0 Bytes were copied from src/ubuntu//scripts/vagrant.sh to out/ubuntu/2014-06-06/1204-amd64-server/vagrant.sh"
t=2014-06-06T23:15:00-0500 lvl=info msg="0 Bytes were copied from src/ubuntu//scripts/cleanup.sh to out/ubuntu/2014-06-06/1204-amd64-server/cleanup.sh"
t=2014-06-06T23:15:00-0500 lvl=info msg="0 Bytes were copied from src/ubuntu//scripts/zerodisk.sh to out/ubuntu/2014-06-06/1204-amd64-server/zerodisk.sh"
t=2014-06-06T23:15:00-0500 lvl=info msg="5 scripts were successfully copied."
t=2014-06-06T23:15:00-0500 lvl=info msg="Rancher Build complete."
t=2014-06-06T23:15:00-0500 lvl=info msg="Rancher exiting" exitCode=0
