t=2014-06-07T23:35:23-0500 lvl=info msg="Rancher starting" args="[./rancher build -distro=ubuntu -arch=i386 1204-amd64-server]"
t=2014-06-07T23:35:23-0500 lvl=info msg="Creating PackerTemplate from a RawTemplate."
t=2014-06-07T23:35:23-0500 lvl=info msg="Creating builder from RawTemplate: virtualbox-iso"
t=2014-06-07T23:35:23-0500 lvl=info msg="Creating builder from RawTemplate: vmware-iso"
t=2014-06-07T23:35:23-0500 lvl=info msg="PackerTemplate created from a RawTemplate."
t=2014-06-07T23:35:23-0500 lvl=info msg="0 Bytes were copied from src/ubuntu//scripts/setup.sh to out/ubuntu/2014-06-07/ubuntu-12.04-i386-server-rancher/setup.sh"
t=2014-06-07T23:35:23-0500 lvl=info msg="0 Bytes were copied from src/ubuntu//scripts/base.sh to out/ubuntu/2014-06-07/ubuntu-12.04-i386-server-rancher/base.sh"
t=2014-06-07T23:35:23-0500 lvl=info msg="0 Bytes were copied from src/ubuntu//scripts/vagrant.sh to out/ubuntu/2014-06-07/ubuntu-12.04-i386-server-rancher/vagrant.sh"
t=2014-06-07T23:35:23-0500 lvl=info msg="0 Bytes were copied from src/ubuntu//scripts/cleanup.sh to out/ubuntu/2014-06-07/ubuntu-12.04-i386-server-rancher/cleanup.sh"
t=2014-06-07T23:35:23-0500 lvl=info msg="0 Bytes were copied from src/ubuntu//scripts/zerodisk.sh to out/ubuntu/2014-06-07/ubuntu-12.04-i386-server-rancher/zerodisk.sh"
t=2014-06-07T23:35:23-0500 lvl=info msg="5 scripts were successfully copied."
t=2014-06-07T23:35:23-0500 lvl=info msg="Processing builds: 1204-amd64-server "
t=2014-06-07T23:35:23-0500 lvl=info msg="Creating PackerTemplate from a RawTemplate."
t=2014-06-07T23:35:23-0500 lvl=info msg="Creating builder from RawTemplate: virtualbox-iso"
t=2014-06-07T23:35:24-0500 lvl=info msg="PackerTemplate created from a RawTemplate."
t=2014-06-07T23:35:24-0500 lvl=info msg="0 Bytes were copied from src/ubuntu//scripts/setup.sh to out/ubuntu/2014-06-07/1204-amd64-server/setup.sh"
t=2014-06-07T23:35:24-0500 lvl=info msg="0 Bytes were copied from src/ubuntu//scripts/base.sh to out/ubuntu/2014-06-07/1204-amd64-server/base.sh"
t=2014-06-07T23:35:24-0500 lvl=info msg="0 Bytes were copied from src/ubuntu//scripts/vagrant.sh to out/ubuntu/2014-06-07/1204-amd64-server/vagrant.sh"
t=2014-06-07T23:35:24-0500 lvl=info msg="0 Bytes were copied from src/ubuntu//scripts/cleanup.sh to out/ubuntu/2014-06-07/1204-amd64-server/cleanup.sh"
t=2014-06-07T23:35:24-0500 lvl=info msg="0 Bytes were copied from src/ubuntu//scripts/zerodisk.sh to out/ubuntu/2014-06-07/1204-amd64-server/zerodisk.sh"
t=2014-06-07T23:35:24-0500 lvl=info msg="5 scripts were successfully copied."
t=2014-06-07T23:35:24-0500 lvl=info msg="Rancher Build complete."
t=2014-06-07T23:35:24-0500 lvl=info msg="Rancher exiting" exitCode=0
t=2014-06-07T23:38:44-0500 lvl=info msg="Rancher starting" args="[./rancher build -distro=ubuntu -arch=i386 1204-amd64-server]"
t=2014-06-07T23:38:44-0500 lvl=info msg="Creating PackerTemplate from a RawTemplate."
t=2014-06-07T23:38:44-0500 lvl=info msg="Creating builder from RawTemplate: virtualbox-iso"
t=2014-06-07T23:38:44-0500 lvl=info msg="Creating builder from RawTemplate: vmware-iso"
t=2014-06-07T23:38:44-0500 lvl=info msg="PackerTemplate created from a RawTemplate."
t=2014-06-07T23:38:44-0500 lvl=info msg="0 Bytes were copied from src/ubuntu//scripts/setup.sh to out/ubuntu/2014-06-07/ubuntu-12.04-i386-server-rancher/setup.sh"
t=2014-06-07T23:38:44-0500 lvl=info msg="0 Bytes were copied from src/ubuntu//scripts/base.sh to out/ubuntu/2014-06-07/ubuntu-12.04-i386-server-rancher/base.sh"
t=2014-06-07T23:38:44-0500 lvl=info msg="0 Bytes were copied from src/ubuntu//scripts/vagrant.sh to out/ubuntu/2014-06-07/ubuntu-12.04-i386-server-rancher/vagrant.sh"
t=2014-06-07T23:38:44-0500 lvl=info msg="0 Bytes were copied from src/ubuntu//scripts/cleanup.sh to out/ubuntu/2014-06-07/ubuntu-12.04-i386-server-rancher/cleanup.sh"
t=2014-06-07T23:38:44-0500 lvl=info msg="0 Bytes were copied from src/ubuntu//scripts/zerodisk.sh to out/ubuntu/2014-06-07/ubuntu-12.04-i386-server-rancher/zerodisk.sh"
t=2014-06-07T23:38:44-0500 lvl=info msg="5 scripts were successfully copied."
t=2014-06-07T23:38:44-0500 lvl=info msg="Processing builds: 1204-amd64-server "
t=2014-06-07T23:38:44-0500 lvl=info msg="Creating PackerTemplate from a RawTemplate."
t=2014-06-07T23:38:44-0500 lvl=info msg="Creating builder from RawTemplate: virtualbox-iso"
t=2014-06-07T23:38:44-0500 lvl=info msg="PackerTemplate created from a RawTemplate."
t=2014-06-07T23:38:44-0500 lvl=info msg="0 Bytes were copied from src/ubuntu//scripts/setup.sh to out/ubuntu/2014-06-07/1204-amd64-server/setup.sh"
t=2014-06-07T23:38:44-0500 lvl=info msg="0 Bytes were copied from src/ubuntu//scripts/base.sh to out/ubuntu/2014-06-07/1204-amd64-server/base.sh"
t=2014-06-07T23:38:44-0500 lvl=info msg="0 Bytes were copied from src/ubuntu//scripts/vagrant.sh to out/ubuntu/2014-06-07/1204-amd64-server/vagrant.sh"
t=2014-06-07T23:38:44-0500 lvl=info msg="0 Bytes were copied from src/ubuntu//scripts/cleanup.sh to out/ubuntu/2014-06-07/1204-amd64-server/cleanup.sh"
t=2014-06-07T23:38:44-0500 lvl=info msg="0 Bytes were copied from src/ubuntu//scripts/zerodisk.sh to out/ubuntu/2014-06-07/1204-amd64-server/zerodisk.sh"
t=2014-06-07T23:38:44-0500 lvl=info msg="5 scripts were successfully copied."
t=2014-06-07T23:38:44-0500 lvl=info msg="Rancher Build complete."
t=2014-06-07T23:38:44-0500 lvl=info msg="Rancher exiting" exitCode=0
